[2023-05-14 22:30:58,442 zb.py 19196] INFO:程序开始运行
[2023-05-14 22:30:58,448 zb.py 19196] INFO:打开加载窗口
[2023-05-14 22:30:59,353 zb.py 19196] INFO:设置已读取
[2023-05-14 22:30:59,353 zb.py 19196] INFO:设置已保存
[2023-05-14 22:30:59,355 zb.py 19196] INFO:标记该程序已打开
[2023-05-14 22:30:59,520 zb.py 19196] INFO:关闭加载窗口
[2023-05-14 22:56:19,217 zb.py 19196] INFO:开始清理回收站
[2023-05-14 22:56:19,387 zb.py 19196] INFO:成功清理回收站
[2023-05-14 22:56:19,387 zb.py 19196] INFO:开始清理系统缓存
[2023-05-14 22:56:19,393 zb.py 19196] INFO:成功清理系统缓存
[2023-05-14 22:56:19,393 zb.py 19196] INFO:开始整理文件C:\Users\93322\Desktop至D:/文件/整理
[2023-05-14 22:56:19,397 zb.py 19196] INFO:成功整理C:\Users\93322\Desktop至D:/文件/整理
[2023-05-14 22:56:19,397 zb.py 19196] INFO:开始整理微信文件
[2023-05-14 22:56:19,425 zb.py 19196] INFO:获取到的微信用户文件目录为['D:\\文件\\应用\\微信\\WeChat Files\\wxid_pvodqkfsmnqp12\\FileStorage\\File']
[2023-05-14 22:56:19,425 zb.py 19196] INFO:开始整理文件D:\文件\应用\微信\WeChat Files\wxid_pvodqkfsmnqp12\FileStorage\File至D:/文件/整理
[2023-05-14 22:56:19,425 zb.py 19196] INFO:成功整理D:\文件\应用\微信\WeChat Files\wxid_pvodqkfsmnqp12\FileStorage\File至D:/文件/整理
[2023-05-14 22:56:19,425 zb.py 19196] INFO:成功整理微信文件
[2023-05-14 22:56:19,426 zb.py 19196] INFO:开始整理常用软件文件
[2023-05-14 22:56:19,426 zb.py 19196] INFO:开始整理文件D:/文件/应用/QQ/93322252/FileRecv至D:/文件/整理
[2023-05-14 22:56:19,427 zb.py 19196] INFO:成功整理D:/文件/应用/QQ/93322252/FileRecv至D:/文件/整理
[2023-05-14 22:56:19,427 zb.py 19196] INFO:开始整理文件D:/文件/应用/钉钉至D:/文件/整理
[2023-05-14 22:56:19,427 zb.py 19196] INFO:开始整理文件D:/文件/应用/百度网盘至D:/文件/整理
[2023-05-14 22:56:19,427 zb.py 19196] INFO:成功整理D:/文件/应用/百度网盘至D:/文件/整理
[2023-05-14 22:56:19,427 zb.py 19196] INFO:成功整理常用软件文件
[2023-05-14 22:56:19,428 zb.py 19196] INFO:开始清理D:\文件\整理\PPT下的空文件
[2023-05-14 22:56:19,428 zb.py 19196] INFO:开始清理D:\文件\整理\PPT下的重复文件
