[2023-05-05 22:25:15,206 zb.py 9868] INFO:开始清理回收站
[2023-05-05 22:25:15,213 zb.py 9868] INFO:成功清理回收站
[2023-05-05 22:25:15,213 zb.py 9868] INFO:开始清理系统缓存
[2023-05-05 22:25:15,221 zb.py 9868] INFO:成功清理系统缓存
[2023-05-05 22:25:15,221 zb.py 9868] INFO:开始整理文件C:\Users\93322\Desktop至D:/文件/整理
[2023-05-05 22:25:15,222 zb.py 9868] INFO:开始清理C:\Users\93322\Desktop下的空文件
[2023-05-05 22:25:15,222 zb.py 9868] INFO:开始清理C:\Users\93322\Desktop下的重复文件
[2023-05-05 22:25:16,436 zb.py 9868] INFO:成功整理C:\Users\93322\Desktop至D:/文件/整理
[2023-05-05 22:25:16,436 zb.py 9868] INFO:开始整理微信文件
[2023-05-05 22:25:16,467 zb.py 9868] INFO:获取到的微信用户文件目录为['D:\\文件\\应用\\微信\\WeChat Files\\wxid_pvodqkfsmnqp12\\FileStorage\\File']
[2023-05-05 22:25:16,467 zb.py 9868] INFO:开始整理文件D:\文件\应用\微信\WeChat Files\wxid_pvodqkfsmnqp12\FileStorage\File\新建文件夹至D:/文件/整理
[2023-05-05 22:25:16,467 zb.py 9868] INFO:开始清理D:\文件\应用\微信\WeChat Files\wxid_pvodqkfsmnqp12\FileStorage\File\新建文件夹下的空文件
[2023-05-05 22:25:16,467 zb.py 9868] INFO:开始清理D:\文件\应用\微信\WeChat Files\wxid_pvodqkfsmnqp12\FileStorage\File\新建文件夹下的重复文件
[2023-05-05 22:25:16,467 zb.py 9868] INFO:成功整理D:\文件\应用\微信\WeChat Files\wxid_pvodqkfsmnqp12\FileStorage\File\新建文件夹至D:/文件/整理
[2023-05-05 22:25:16,467 zb.py 9868] INFO:开始整理文件D:\文件\应用\微信\WeChat Files\wxid_pvodqkfsmnqp12\FileStorage\File至D:/文件/整理
[2023-05-05 22:25:16,467 zb.py 9868] INFO:开始清理D:\文件\应用\微信\WeChat Files\wxid_pvodqkfsmnqp12\FileStorage\File下的空文件
[2023-05-05 22:25:16,467 zb.py 9868] INFO:开始清理D:\文件\应用\微信\WeChat Files\wxid_pvodqkfsmnqp12\FileStorage\File下的重复文件
[2023-05-05 22:25:16,467 zb.py 9868] INFO:成功整理D:\文件\应用\微信\WeChat Files\wxid_pvodqkfsmnqp12\FileStorage\File至D:/文件/整理
[2023-05-05 22:25:16,467 zb.py 9868] INFO:成功整理微信文件
[2023-05-05 22:25:16,467 zb.py 9868] INFO:开始整理常用软件文件
[2023-05-05 22:25:16,467 zb.py 9868] INFO:开始整理文件D:/文件/应用/QQ/93322252/FileRecv至D:/文件/整理
[2023-05-05 22:25:16,467 zb.py 9868] INFO:开始清理D:/文件/应用/QQ/93322252/FileRecv下的空文件
[2023-05-05 22:25:16,467 zb.py 9868] INFO:开始清理D:/文件/应用/QQ/93322252/FileRecv下的重复文件
[2023-05-05 22:25:16,467 zb.py 9868] INFO:成功整理D:/文件/应用/QQ/93322252/FileRecv至D:/文件/整理
[2023-05-05 22:25:16,467 zb.py 9868] INFO:开始整理文件D:/文件/应用/钉钉至D:/文件/整理
[2023-05-05 22:25:16,467 zb.py 9868] INFO:开始整理文件D:/文件/应用/百度网盘至D:/文件/整理
[2023-05-05 22:25:16,467 zb.py 9868] INFO:开始清理D:/文件/应用/百度网盘下的空文件
[2023-05-05 22:25:16,467 zb.py 9868] INFO:开始清理D:/文件/应用/百度网盘下的重复文件
[2023-05-05 22:25:16,467 zb.py 9868] INFO:成功整理D:/文件/应用/百度网盘至D:/文件/整理
[2023-05-05 22:25:16,467 zb.py 9868] INFO:成功整理常用软件文件
[2023-05-05 22:25:16,467 zb.py 9868] INFO:开始清理D:\文件\整理\PPT下的空文件
[2023-05-05 22:25:16,467 zb.py 9868] INFO:开始清理D:\文件\整理\PPT下的重复文件
[2023-05-05 22:25:16,561 zb.py 9868] INFO:开始清理D:\文件\整理\文档下的空文件
[2023-05-05 22:25:16,561 zb.py 9868] INFO:开始清理D:\文件\整理\文档下的重复文件
[2023-05-05 22:25:20,987 zb.py 9868] INFO:开始清理D:\文件\整理\表格下的空文件
[2023-05-05 22:25:20,987 zb.py 9868] INFO:开始清理D:\文件\整理\表格下的重复文件
[2023-05-05 22:25:20,987 zb.py 9868] INFO:开始清理D:\文件\整理\图片下的空文件
[2023-05-05 22:25:20,987 zb.py 9868] INFO:开始清理D:\文件\整理\图片下的重复文件
[2023-05-05 22:25:21,003 zb.py 9868] INFO:开始清理D:\文件\整理\音视频下的空文件
[2023-05-05 22:25:21,003 zb.py 9868] INFO:开始清理D:\文件\整理\音视频下的重复文件
[2023-05-05 22:25:21,003 zb.py 9868] INFO:开始清理D:\文件\整理\压缩包下的空文件
[2023-05-05 22:25:21,003 zb.py 9868] INFO:开始清理D:\文件\整理\压缩包下的重复文件
[2023-05-05 22:25:21,206 zb.py 9868] INFO:开始清理D:\文件\整理\文件夹下的空文件
[2023-05-05 22:25:21,206 zb.py 9868] INFO:开始清理D:\文件\整理\文件夹下的重复文件
[2023-05-05 22:25:45,919 zb.py 9868] INFO:开始清理回收站
[2023-05-05 22:25:45,922 zb.py 9868] INFO:成功清理回收站
[2023-05-05 22:25:45,922 zb.py 9868] INFO:开始清理系统缓存
[2023-05-05 22:25:45,926 zb.py 9868] INFO:成功清理系统缓存
[2023-05-05 22:25:45,926 zb.py 9868] INFO:开始整理文件C:\Users\93322\Desktop至D:/文件/整理
[2023-05-05 22:25:45,928 zb.py 9868] INFO:开始清理C:\Users\93322\Desktop下的空文件
[2023-05-05 22:25:45,930 zb.py 9868] INFO:开始清理C:\Users\93322\Desktop下的重复文件
[2023-05-05 22:25:47,306 zb.py 9868] INFO:成功整理C:\Users\93322\Desktop至D:/文件/整理
[2023-05-05 22:25:47,306 zb.py 9868] INFO:开始整理微信文件
[2023-05-05 22:25:47,338 zb.py 9868] INFO:获取到的微信用户文件目录为['D:\\文件\\应用\\微信\\WeChat Files\\wxid_pvodqkfsmnqp12\\FileStorage\\File']
[2023-05-05 22:25:47,338 zb.py 9868] INFO:开始整理文件D:\文件\应用\微信\WeChat Files\wxid_pvodqkfsmnqp12\FileStorage\File\新建文件夹至D:/文件/整理
[2023-05-05 22:25:47,338 zb.py 9868] INFO:开始清理D:\文件\应用\微信\WeChat Files\wxid_pvodqkfsmnqp12\FileStorage\File\新建文件夹下的空文件
[2023-05-05 22:25:47,338 zb.py 9868] INFO:开始清理D:\文件\应用\微信\WeChat Files\wxid_pvodqkfsmnqp12\FileStorage\File\新建文件夹下的重复文件
[2023-05-05 22:25:47,338 zb.py 9868] INFO:成功整理D:\文件\应用\微信\WeChat Files\wxid_pvodqkfsmnqp12\FileStorage\File\新建文件夹至D:/文件/整理
[2023-05-05 22:25:47,338 zb.py 9868] INFO:开始整理文件D:\文件\应用\微信\WeChat Files\wxid_pvodqkfsmnqp12\FileStorage\File\新建文件夹 (2)至D:/文件/整理
[2023-05-05 22:25:47,338 zb.py 9868] INFO:开始清理D:\文件\应用\微信\WeChat Files\wxid_pvodqkfsmnqp12\FileStorage\File\新建文件夹 (2)下的空文件
[2023-05-05 22:25:47,338 zb.py 9868] INFO:开始清理D:\文件\应用\微信\WeChat Files\wxid_pvodqkfsmnqp12\FileStorage\File\新建文件夹 (2)下的重复文件
[2023-05-05 22:25:47,338 zb.py 9868] INFO:成功整理D:\文件\应用\微信\WeChat Files\wxid_pvodqkfsmnqp12\FileStorage\File\新建文件夹 (2)至D:/文件/整理
[2023-05-05 22:25:47,338 zb.py 9868] INFO:开始整理文件D:\文件\应用\微信\WeChat Files\wxid_pvodqkfsmnqp12\FileStorage\File\新建文件夹 (3)至D:/文件/整理
[2023-05-05 22:25:47,338 zb.py 9868] INFO:开始清理D:\文件\应用\微信\WeChat Files\wxid_pvodqkfsmnqp12\FileStorage\File\新建文件夹 (3)下的空文件
[2023-05-05 22:25:47,338 zb.py 9868] INFO:开始清理D:\文件\应用\微信\WeChat Files\wxid_pvodqkfsmnqp12\FileStorage\File\新建文件夹 (3)下的重复文件
[2023-05-05 22:25:47,338 zb.py 9868] INFO:成功整理D:\文件\应用\微信\WeChat Files\wxid_pvodqkfsmnqp12\FileStorage\File\新建文件夹 (3)至D:/文件/整理
[2023-05-05 22:25:47,338 zb.py 9868] INFO:开始整理文件D:\文件\应用\微信\WeChat Files\wxid_pvodqkfsmnqp12\FileStorage\File至D:/文件/整理
[2023-05-05 22:25:47,338 zb.py 9868] INFO:开始清理D:\文件\应用\微信\WeChat Files\wxid_pvodqkfsmnqp12\FileStorage\File下的空文件
[2023-05-05 22:25:47,338 zb.py 9868] INFO:开始清理D:\文件\应用\微信\WeChat Files\wxid_pvodqkfsmnqp12\FileStorage\File下的重复文件
[2023-05-05 22:25:47,353 zb.py 9868] INFO:成功整理D:\文件\应用\微信\WeChat Files\wxid_pvodqkfsmnqp12\FileStorage\File至D:/文件/整理
[2023-05-05 22:25:47,353 zb.py 9868] INFO:成功整理微信文件
[2023-05-05 22:25:47,353 zb.py 9868] INFO:开始整理常用软件文件
[2023-05-05 22:25:47,353 zb.py 9868] INFO:开始整理文件D:/文件/应用/QQ/93322252/FileRecv至D:/文件/整理
[2023-05-05 22:25:47,353 zb.py 9868] INFO:开始清理D:/文件/应用/QQ/93322252/FileRecv下的空文件
[2023-05-05 22:25:47,353 zb.py 9868] INFO:开始清理D:/文件/应用/QQ/93322252/FileRecv下的重复文件
[2023-05-05 22:25:47,353 zb.py 9868] INFO:成功整理D:/文件/应用/QQ/93322252/FileRecv至D:/文件/整理
[2023-05-05 22:25:47,353 zb.py 9868] INFO:开始整理文件D:/文件/应用/钉钉至D:/文件/整理
[2023-05-05 22:25:47,353 zb.py 9868] INFO:开始整理文件D:/文件/应用/百度网盘至D:/文件/整理
[2023-05-05 22:25:47,353 zb.py 9868] INFO:开始清理D:/文件/应用/百度网盘下的空文件
[2023-05-05 22:25:47,353 zb.py 9868] INFO:开始清理D:/文件/应用/百度网盘下的重复文件
[2023-05-05 22:25:47,353 zb.py 9868] INFO:成功整理D:/文件/应用/百度网盘至D:/文件/整理
[2023-05-05 22:25:47,353 zb.py 9868] INFO:成功整理常用软件文件
[2023-05-05 22:25:47,353 zb.py 9868] INFO:开始清理D:\文件\整理\PPT下的空文件
[2023-05-05 22:25:47,353 zb.py 9868] INFO:开始清理D:\文件\整理\PPT下的重复文件
[2023-05-05 22:25:47,447 zb.py 9868] INFO:开始清理D:\文件\整理\文档下的空文件
[2023-05-05 22:25:47,463 zb.py 9868] INFO:开始清理D:\文件\整理\文档下的重复文件
[2023-05-05 22:25:51,593 zb.py 9868] INFO:开始清理D:\文件\整理\表格下的空文件
[2023-05-05 22:25:51,593 zb.py 9868] INFO:开始清理D:\文件\整理\表格下的重复文件
[2023-05-05 22:25:51,609 zb.py 9868] INFO:开始清理D:\文件\整理\图片下的空文件
[2023-05-05 22:25:51,609 zb.py 9868] INFO:开始清理D:\文件\整理\图片下的重复文件
[2023-05-05 22:25:51,609 zb.py 9868] INFO:开始清理D:\文件\整理\音视频下的空文件
[2023-05-05 22:25:51,609 zb.py 9868] INFO:开始清理D:\文件\整理\音视频下的重复文件
[2023-05-05 22:25:51,609 zb.py 9868] INFO:开始清理D:\文件\整理\压缩包下的空文件
[2023-05-05 22:25:51,624 zb.py 9868] INFO:开始清理D:\文件\整理\压缩包下的重复文件
[2023-05-05 22:25:51,796 zb.py 9868] INFO:开始清理D:\文件\整理\文件夹下的空文件
[2023-05-05 22:25:51,796 zb.py 9868] INFO:开始清理D:\文件\整理\文件夹下的重复文件
[2023-05-05 22:28:56,232 zb.py 9868] INFO:开始清理回收站
[2023-05-05 22:28:56,297 zb.py 9868] INFO:成功清理回收站
[2023-05-05 22:28:56,297 zb.py 9868] INFO:开始清理系统缓存
[2023-05-05 22:28:56,300 zb.py 9868] INFO:成功清理系统缓存
[2023-05-05 22:28:56,300 zb.py 9868] INFO:开始整理文件C:\Users\93322\Desktop至D:/文件/整理
[2023-05-05 22:28:56,302 zb.py 9868] INFO:开始清理C:\Users\93322\Desktop下的空文件
[2023-05-05 22:28:56,304 zb.py 9868] INFO:开始清理C:\Users\93322\Desktop下的重复文件
[2023-05-05 22:28:57,563 zb.py 9868] INFO:成功整理C:\Users\93322\Desktop至D:/文件/整理
[2023-05-05 22:28:57,563 zb.py 9868] INFO:开始整理微信文件
[2023-05-05 22:28:57,587 zb.py 9868] INFO:获取到的微信用户文件目录为['D:\\文件\\应用\\微信\\WeChat Files\\wxid_pvodqkfsmnqp12\\FileStorage\\File']
[2023-05-05 22:28:57,587 zb.py 9868] INFO:开始整理文件D:\文件\应用\微信\WeChat Files\wxid_pvodqkfsmnqp12\FileStorage\File\新建文件夹至D:/文件/整理
[2023-05-05 22:28:57,588 zb.py 9868] INFO:开始清理D:\文件\应用\微信\WeChat Files\wxid_pvodqkfsmnqp12\FileStorage\File\新建文件夹下的空文件
[2023-05-05 22:28:57,588 zb.py 9868] INFO:开始清理D:\文件\应用\微信\WeChat Files\wxid_pvodqkfsmnqp12\FileStorage\File\新建文件夹下的重复文件
[2023-05-05 22:28:57,588 zb.py 9868] INFO:成功整理D:\文件\应用\微信\WeChat Files\wxid_pvodqkfsmnqp12\FileStorage\File\新建文件夹至D:/文件/整理
[2023-05-05 22:28:57,588 zb.py 9868] INFO:开始整理文件D:\文件\应用\微信\WeChat Files\wxid_pvodqkfsmnqp12\FileStorage\File\新建文件夹 (2)至D:/文件/整理
[2023-05-05 22:28:57,588 zb.py 9868] INFO:开始清理D:\文件\应用\微信\WeChat Files\wxid_pvodqkfsmnqp12\FileStorage\File\新建文件夹 (2)下的空文件
[2023-05-05 22:28:57,588 zb.py 9868] INFO:开始清理D:\文件\应用\微信\WeChat Files\wxid_pvodqkfsmnqp12\FileStorage\File\新建文件夹 (2)下的重复文件
[2023-05-05 22:28:57,589 zb.py 9868] INFO:成功整理D:\文件\应用\微信\WeChat Files\wxid_pvodqkfsmnqp12\FileStorage\File\新建文件夹 (2)至D:/文件/整理
[2023-05-05 22:28:57,589 zb.py 9868] INFO:开始整理文件D:\文件\应用\微信\WeChat Files\wxid_pvodqkfsmnqp12\FileStorage\File\新建文件夹 (3)至D:/文件/整理
[2023-05-05 22:28:57,589 zb.py 9868] INFO:开始清理D:\文件\应用\微信\WeChat Files\wxid_pvodqkfsmnqp12\FileStorage\File\新建文件夹 (3)下的空文件
[2023-05-05 22:28:57,589 zb.py 9868] INFO:开始清理D:\文件\应用\微信\WeChat Files\wxid_pvodqkfsmnqp12\FileStorage\File\新建文件夹 (3)下的重复文件
[2023-05-05 22:28:57,589 zb.py 9868] INFO:成功整理D:\文件\应用\微信\WeChat Files\wxid_pvodqkfsmnqp12\FileStorage\File\新建文件夹 (3)至D:/文件/整理
[2023-05-05 22:28:57,589 zb.py 9868] INFO:开始整理文件D:\文件\应用\微信\WeChat Files\wxid_pvodqkfsmnqp12\FileStorage\File至D:/文件/整理
[2023-05-05 22:28:57,589 zb.py 9868] INFO:开始清理D:\文件\应用\微信\WeChat Files\wxid_pvodqkfsmnqp12\FileStorage\File下的空文件
[2023-05-05 22:28:57,590 zb.py 9868] INFO:开始清理D:\文件\应用\微信\WeChat Files\wxid_pvodqkfsmnqp12\FileStorage\File下的重复文件
[2023-05-05 22:28:57,590 zb.py 9868] INFO:成功整理D:\文件\应用\微信\WeChat Files\wxid_pvodqkfsmnqp12\FileStorage\File至D:/文件/整理
[2023-05-05 22:28:57,590 zb.py 9868] INFO:成功整理微信文件
[2023-05-05 22:28:57,590 zb.py 9868] INFO:开始整理常用软件文件
[2023-05-05 22:28:57,590 zb.py 9868] INFO:开始整理文件D:/文件/应用/QQ/93322252/FileRecv至D:/文件/整理
[2023-05-05 22:28:57,591 zb.py 9868] INFO:开始清理D:/文件/应用/QQ/93322252/FileRecv下的空文件
[2023-05-05 22:28:57,591 zb.py 9868] INFO:开始清理D:/文件/应用/QQ/93322252/FileRecv下的重复文件
[2023-05-05 22:28:57,592 zb.py 9868] INFO:成功整理D:/文件/应用/QQ/93322252/FileRecv至D:/文件/整理
[2023-05-05 22:28:57,592 zb.py 9868] INFO:开始整理文件D:/文件/应用/钉钉至D:/文件/整理
[2023-05-05 22:28:57,592 zb.py 9868] INFO:开始整理文件D:/文件/应用/百度网盘至D:/文件/整理
[2023-05-05 22:28:57,592 zb.py 9868] INFO:开始清理D:/文件/应用/百度网盘下的空文件
[2023-05-05 22:28:57,592 zb.py 9868] INFO:开始清理D:/文件/应用/百度网盘下的重复文件
[2023-05-05 22:28:57,593 zb.py 9868] INFO:成功整理D:/文件/应用/百度网盘至D:/文件/整理
[2023-05-05 22:28:57,593 zb.py 9868] INFO:成功整理常用软件文件
[2023-05-05 22:28:57,593 zb.py 9868] INFO:开始清理D:\文件\整理\PPT下的空文件
[2023-05-05 22:28:57,595 zb.py 9868] INFO:开始清理D:\文件\整理\PPT下的重复文件
[2023-05-05 22:28:57,691 zb.py 9868] INFO:开始清理D:\文件\整理\文档下的空文件
[2023-05-05 22:28:57,702 zb.py 9868] INFO:开始清理D:\文件\整理\文档下的重复文件
[2023-05-05 22:29:01,924 zb.py 9868] INFO:开始清理D:\文件\整理\表格下的空文件
[2023-05-05 22:29:01,924 zb.py 9868] INFO:开始清理D:\文件\整理\表格下的重复文件
[2023-05-05 22:29:01,925 zb.py 9868] INFO:开始清理D:\文件\整理\图片下的空文件
[2023-05-05 22:29:01,926 zb.py 9868] INFO:开始清理D:\文件\整理\图片下的重复文件
[2023-05-05 22:29:01,939 zb.py 9868] INFO:开始清理D:\文件\整理\音视频下的空文件
[2023-05-05 22:29:01,939 zb.py 9868] INFO:开始清理D:\文件\整理\音视频下的重复文件
[2023-05-05 22:29:01,940 zb.py 9868] INFO:开始清理D:\文件\整理\压缩包下的空文件
[2023-05-05 22:29:01,942 zb.py 9868] INFO:开始清理D:\文件\整理\压缩包下的重复文件
[2023-05-05 22:29:02,124 zb.py 9868] INFO:开始清理D:\文件\整理\文件夹下的空文件
[2023-05-05 22:29:02,124 zb.py 9868] INFO:开始清理D:\文件\整理\文件夹下的重复文件
[2023-05-05 22:29:38,737 zb.py 5084] INFO:程序开始运行
[2023-05-05 22:29:38,744 zb.py 5084] INFO:打开加载窗口
[2023-05-05 22:29:39,339 zb.py 5084] INFO:设置已读取
[2023-05-05 22:29:39,340 zb.py 5084] INFO:设置已保存
[2023-05-05 22:29:39,343 zb.py 5084] INFO:标记该程序已打开
[2023-05-05 22:29:39,499 zb.py 5084] INFO:关闭加载窗口
[2023-05-05 22:29:40,250 zb.py 5084] INFO:开始清理回收站
[2023-05-05 22:29:40,287 zb.py 5084] INFO:成功清理回收站
[2023-05-05 22:29:40,287 zb.py 5084] INFO:开始清理系统缓存
[2023-05-05 22:29:40,291 zb.py 5084] INFO:成功清理系统缓存
[2023-05-05 22:29:40,291 zb.py 5084] INFO:开始整理文件C:\Users\93322\Desktop至D:/文件/整理
[2023-05-05 22:29:40,293 zb.py 5084] INFO:开始清理C:\Users\93322\Desktop下的空文件
[2023-05-05 22:29:40,296 zb.py 5084] INFO:开始清理C:\Users\93322\Desktop下的重复文件
[2023-05-05 22:29:41,544 zb.py 5084] INFO:成功整理C:\Users\93322\Desktop至D:/文件/整理
[2023-05-05 22:29:41,545 zb.py 5084] INFO:开始整理微信文件
[2023-05-05 22:29:41,568 zb.py 5084] INFO:获取到的微信用户文件目录为['D:\\文件\\应用\\微信\\WeChat Files\\wxid_pvodqkfsmnqp12\\FileStorage\\File']
[2023-05-05 22:29:41,568 zb.py 5084] INFO:开始整理文件D:\文件\应用\微信\WeChat Files\wxid_pvodqkfsmnqp12\FileStorage\File\新建文件夹至D:/文件/整理
[2023-05-05 22:29:41,568 zb.py 5084] INFO:开始清理D:\文件\应用\微信\WeChat Files\wxid_pvodqkfsmnqp12\FileStorage\File\新建文件夹下的空文件
[2023-05-05 22:29:41,568 zb.py 5084] INFO:开始清理D:\文件\应用\微信\WeChat Files\wxid_pvodqkfsmnqp12\FileStorage\File\新建文件夹下的重复文件
[2023-05-05 22:29:41,569 zb.py 5084] INFO:成功整理D:\文件\应用\微信\WeChat Files\wxid_pvodqkfsmnqp12\FileStorage\File\新建文件夹至D:/文件/整理
[2023-05-05 22:29:41,569 zb.py 5084] INFO:开始整理文件D:\文件\应用\微信\WeChat Files\wxid_pvodqkfsmnqp12\FileStorage\File\新建文件夹 (2)至D:/文件/整理
[2023-05-05 22:29:41,569 zb.py 5084] INFO:开始清理D:\文件\应用\微信\WeChat Files\wxid_pvodqkfsmnqp12\FileStorage\File\新建文件夹 (2)下的空文件
[2023-05-05 22:29:41,569 zb.py 5084] INFO:开始清理D:\文件\应用\微信\WeChat Files\wxid_pvodqkfsmnqp12\FileStorage\File\新建文件夹 (2)下的重复文件
[2023-05-05 22:29:41,570 zb.py 5084] INFO:成功整理D:\文件\应用\微信\WeChat Files\wxid_pvodqkfsmnqp12\FileStorage\File\新建文件夹 (2)至D:/文件/整理
[2023-05-05 22:29:41,570 zb.py 5084] INFO:开始整理文件D:\文件\应用\微信\WeChat Files\wxid_pvodqkfsmnqp12\FileStorage\File\新建文件夹 (3)至D:/文件/整理
[2023-05-05 22:29:41,570 zb.py 5084] INFO:开始清理D:\文件\应用\微信\WeChat Files\wxid_pvodqkfsmnqp12\FileStorage\File\新建文件夹 (3)下的空文件
[2023-05-05 22:29:41,570 zb.py 5084] INFO:开始清理D:\文件\应用\微信\WeChat Files\wxid_pvodqkfsmnqp12\FileStorage\File\新建文件夹 (3)下的重复文件
[2023-05-05 22:29:41,570 zb.py 5084] INFO:成功整理D:\文件\应用\微信\WeChat Files\wxid_pvodqkfsmnqp12\FileStorage\File\新建文件夹 (3)至D:/文件/整理
[2023-05-05 22:29:41,570 zb.py 5084] INFO:开始整理文件D:\文件\应用\微信\WeChat Files\wxid_pvodqkfsmnqp12\FileStorage\File至D:/文件/整理
[2023-05-05 22:29:41,570 zb.py 5084] INFO:开始清理D:\文件\应用\微信\WeChat Files\wxid_pvodqkfsmnqp12\FileStorage\File下的空文件
[2023-05-05 22:29:41,571 zb.py 5084] INFO:开始清理D:\文件\应用\微信\WeChat Files\wxid_pvodqkfsmnqp12\FileStorage\File下的重复文件
[2023-05-05 22:29:41,571 zb.py 5084] INFO:成功整理D:\文件\应用\微信\WeChat Files\wxid_pvodqkfsmnqp12\FileStorage\File至D:/文件/整理
[2023-05-05 22:29:41,571 zb.py 5084] INFO:成功整理微信文件
[2023-05-05 22:29:41,571 zb.py 5084] INFO:开始整理常用软件文件
[2023-05-05 22:29:41,571 zb.py 5084] INFO:开始整理文件D:/文件/应用/QQ/93322252/FileRecv至D:/文件/整理
[2023-05-05 22:29:41,572 zb.py 5084] INFO:开始清理D:/文件/应用/QQ/93322252/FileRecv下的空文件
[2023-05-05 22:29:41,572 zb.py 5084] INFO:开始清理D:/文件/应用/QQ/93322252/FileRecv下的重复文件
[2023-05-05 22:29:41,573 zb.py 5084] INFO:成功整理D:/文件/应用/QQ/93322252/FileRecv至D:/文件/整理
[2023-05-05 22:29:41,573 zb.py 5084] INFO:开始整理文件D:/文件/应用/钉钉至D:/文件/整理
[2023-05-05 22:29:41,573 zb.py 5084] INFO:开始整理文件D:/文件/应用/百度网盘至D:/文件/整理
[2023-05-05 22:29:41,573 zb.py 5084] INFO:开始清理D:/文件/应用/百度网盘下的空文件
[2023-05-05 22:29:41,573 zb.py 5084] INFO:开始清理D:/文件/应用/百度网盘下的重复文件
[2023-05-05 22:29:41,573 zb.py 5084] INFO:成功整理D:/文件/应用/百度网盘至D:/文件/整理
[2023-05-05 22:29:41,573 zb.py 5084] INFO:成功整理常用软件文件
[2023-05-05 22:29:41,573 zb.py 5084] INFO:开始清理D:\文件\整理\PPT下的空文件
[2023-05-05 22:29:41,576 zb.py 5084] INFO:开始清理D:\文件\整理\PPT下的重复文件
[2023-05-05 22:29:41,667 zb.py 5084] INFO:开始清理D:\文件\整理\文档下的空文件
[2023-05-05 22:29:41,678 zb.py 5084] INFO:开始清理D:\文件\整理\文档下的重复文件
[2023-05-05 22:29:45,824 zb.py 5084] INFO:开始清理D:\文件\整理\表格下的空文件
[2023-05-05 22:29:45,825 zb.py 5084] INFO:开始清理D:\文件\整理\表格下的重复文件
[2023-05-05 22:29:45,825 zb.py 5084] INFO:开始清理D:\文件\整理\图片下的空文件
[2023-05-05 22:29:45,826 zb.py 5084] INFO:开始清理D:\文件\整理\图片下的重复文件
[2023-05-05 22:29:45,841 zb.py 5084] INFO:开始清理D:\文件\整理\音视频下的空文件
[2023-05-05 22:29:45,841 zb.py 5084] INFO:开始清理D:\文件\整理\音视频下的重复文件
[2023-05-05 22:29:45,841 zb.py 5084] INFO:开始清理D:\文件\整理\压缩包下的空文件
[2023-05-05 22:29:45,844 zb.py 5084] INFO:开始清理D:\文件\整理\压缩包下的重复文件
[2023-05-05 22:29:46,023 zb.py 5084] INFO:开始清理D:\文件\整理\文件夹下的空文件
[2023-05-05 22:29:46,024 zb.py 5084] INFO:开始清理D:\文件\整理\文件夹下的重复文件
[2023-05-05 22:29:54,277 zb.py 5084] INFO:开始清理回收站
[2023-05-05 22:29:54,283 zb.py 5084] INFO:成功清理回收站
[2023-05-05 22:29:54,283 zb.py 5084] INFO:开始清理系统缓存
[2023-05-05 22:29:54,291 zb.py 5084] INFO:成功清理系统缓存
[2023-05-05 22:29:54,291 zb.py 5084] INFO:开始整理文件C:\Users\93322\Desktop至D:/文件/整理
[2023-05-05 22:29:54,294 zb.py 5084] INFO:开始清理C:\Users\93322\Desktop下的空文件
[2023-05-05 22:29:54,297 zb.py 5084] INFO:开始清理C:\Users\93322\Desktop下的重复文件
[2023-05-05 22:29:55,515 zb.py 5084] INFO:成功整理C:\Users\93322\Desktop至D:/文件/整理
[2023-05-05 22:29:55,516 zb.py 5084] INFO:开始整理微信文件
[2023-05-05 22:29:55,538 zb.py 5084] INFO:获取到的微信用户文件目录为['D:\\文件\\应用\\微信\\WeChat Files\\wxid_pvodqkfsmnqp12\\FileStorage\\File']
[2023-05-05 22:29:55,539 zb.py 5084] INFO:开始整理文件D:\文件\应用\微信\WeChat Files\wxid_pvodqkfsmnqp12\FileStorage\File\新建文件夹至D:/文件/整理
[2023-05-05 22:29:55,539 zb.py 5084] INFO:开始清理D:\文件\应用\微信\WeChat Files\wxid_pvodqkfsmnqp12\FileStorage\File\新建文件夹下的空文件
[2023-05-05 22:29:55,539 zb.py 5084] INFO:开始清理D:\文件\应用\微信\WeChat Files\wxid_pvodqkfsmnqp12\FileStorage\File\新建文件夹下的重复文件
[2023-05-05 22:29:55,539 zb.py 5084] INFO:成功整理D:\文件\应用\微信\WeChat Files\wxid_pvodqkfsmnqp12\FileStorage\File\新建文件夹至D:/文件/整理
[2023-05-05 22:29:55,539 zb.py 5084] INFO:开始整理文件D:\文件\应用\微信\WeChat Files\wxid_pvodqkfsmnqp12\FileStorage\File\新建文件夹 (2)至D:/文件/整理
[2023-05-05 22:29:55,539 zb.py 5084] INFO:开始清理D:\文件\应用\微信\WeChat Files\wxid_pvodqkfsmnqp12\FileStorage\File\新建文件夹 (2)下的空文件
[2023-05-05 22:29:55,539 zb.py 5084] INFO:开始清理D:\文件\应用\微信\WeChat Files\wxid_pvodqkfsmnqp12\FileStorage\File\新建文件夹 (2)下的重复文件
[2023-05-05 22:29:55,540 zb.py 5084] INFO:成功整理D:\文件\应用\微信\WeChat Files\wxid_pvodqkfsmnqp12\FileStorage\File\新建文件夹 (2)至D:/文件/整理
[2023-05-05 22:29:55,540 zb.py 5084] INFO:开始整理文件D:\文件\应用\微信\WeChat Files\wxid_pvodqkfsmnqp12\FileStorage\File\新建文件夹 (3)至D:/文件/整理
[2023-05-05 22:29:55,540 zb.py 5084] INFO:开始清理D:\文件\应用\微信\WeChat Files\wxid_pvodqkfsmnqp12\FileStorage\File\新建文件夹 (3)下的空文件
[2023-05-05 22:29:55,540 zb.py 5084] INFO:开始清理D:\文件\应用\微信\WeChat Files\wxid_pvodqkfsmnqp12\FileStorage\File\新建文件夹 (3)下的重复文件
[2023-05-05 22:29:55,540 zb.py 5084] INFO:成功整理D:\文件\应用\微信\WeChat Files\wxid_pvodqkfsmnqp12\FileStorage\File\新建文件夹 (3)至D:/文件/整理
[2023-05-05 22:29:55,540 zb.py 5084] INFO:开始整理文件D:\文件\应用\微信\WeChat Files\wxid_pvodqkfsmnqp12\FileStorage\File至D:/文件/整理
[2023-05-05 22:29:55,541 zb.py 5084] INFO:开始清理D:\文件\应用\微信\WeChat Files\wxid_pvodqkfsmnqp12\FileStorage\File下的空文件
[2023-05-05 22:29:55,541 zb.py 5084] INFO:开始清理D:\文件\应用\微信\WeChat Files\wxid_pvodqkfsmnqp12\FileStorage\File下的重复文件
[2023-05-05 22:29:55,542 zb.py 5084] INFO:成功整理D:\文件\应用\微信\WeChat Files\wxid_pvodqkfsmnqp12\FileStorage\File至D:/文件/整理
[2023-05-05 22:29:55,542 zb.py 5084] INFO:成功整理微信文件
[2023-05-05 22:29:55,542 zb.py 5084] INFO:开始整理常用软件文件
[2023-05-05 22:29:55,542 zb.py 5084] INFO:开始整理文件D:/文件/应用/QQ/93322252/FileRecv至D:/文件/整理
[2023-05-05 22:29:55,543 zb.py 5084] INFO:开始清理D:/文件/应用/QQ/93322252/FileRecv下的空文件
[2023-05-05 22:29:55,543 zb.py 5084] INFO:开始清理D:/文件/应用/QQ/93322252/FileRecv下的重复文件
[2023-05-05 22:29:55,544 zb.py 5084] INFO:成功整理D:/文件/应用/QQ/93322252/FileRecv至D:/文件/整理
[2023-05-05 22:29:55,544 zb.py 5084] INFO:开始整理文件D:/文件/应用/钉钉至D:/文件/整理
[2023-05-05 22:29:55,544 zb.py 5084] INFO:开始整理文件D:/文件/应用/百度网盘至D:/文件/整理
[2023-05-05 22:29:55,544 zb.py 5084] INFO:开始清理D:/文件/应用/百度网盘下的空文件
[2023-05-05 22:29:55,544 zb.py 5084] INFO:开始清理D:/文件/应用/百度网盘下的重复文件
[2023-05-05 22:29:55,545 zb.py 5084] INFO:成功整理D:/文件/应用/百度网盘至D:/文件/整理
[2023-05-05 22:29:55,545 zb.py 5084] INFO:成功整理常用软件文件
[2023-05-05 22:29:55,545 zb.py 5084] INFO:开始清理D:\文件\整理\PPT下的空文件
[2023-05-05 22:29:55,546 zb.py 5084] INFO:开始清理D:\文件\整理\PPT下的重复文件
[2023-05-05 22:29:55,635 zb.py 5084] INFO:开始清理D:\文件\整理\文档下的空文件
[2023-05-05 22:29:55,646 zb.py 5084] INFO:开始清理D:\文件\整理\文档下的重复文件
[2023-05-05 22:29:59,837 zb.py 5084] INFO:开始清理D:\文件\整理\表格下的空文件
[2023-05-05 22:29:59,837 zb.py 5084] INFO:开始清理D:\文件\整理\表格下的重复文件
[2023-05-05 22:29:59,838 zb.py 5084] INFO:开始清理D:\文件\整理\图片下的空文件
[2023-05-05 22:29:59,839 zb.py 5084] INFO:开始清理D:\文件\整理\图片下的重复文件
[2023-05-05 22:29:59,854 zb.py 5084] INFO:开始清理D:\文件\整理\音视频下的空文件
[2023-05-05 22:29:59,854 zb.py 5084] INFO:开始清理D:\文件\整理\音视频下的重复文件
[2023-05-05 22:29:59,854 zb.py 5084] INFO:开始清理D:\文件\整理\压缩包下的空文件
[2023-05-05 22:29:59,857 zb.py 5084] INFO:开始清理D:\文件\整理\压缩包下的重复文件
[2023-05-05 22:30:00,065 zb.py 5084] INFO:开始清理D:\文件\整理\文件夹下的空文件
[2023-05-05 22:30:00,066 zb.py 5084] INFO:开始清理D:\文件\整理\文件夹下的重复文件
[2023-05-05 22:31:08,465 zb.py 22212] INFO:程序开始运行
[2023-05-05 22:31:08,472 zb.py 22212] INFO:打开加载窗口
[2023-05-05 22:31:09,053 zb.py 22212] INFO:设置已读取
[2023-05-05 22:31:09,054 zb.py 22212] INFO:设置已保存
[2023-05-05 22:31:09,056 zb.py 22212] INFO:标记该程序已打开
[2023-05-05 22:31:09,192 zb.py 22212] INFO:关闭加载窗口
[2023-05-05 22:31:09,793 zb.py 22212] INFO:开始清理回收站
[2023-05-05 22:31:09,826 zb.py 22212] INFO:成功清理回收站
[2023-05-05 22:31:09,826 zb.py 22212] INFO:开始清理系统缓存
[2023-05-05 22:31:09,831 zb.py 22212] INFO:成功清理系统缓存
[2023-05-05 22:31:09,831 zb.py 22212] INFO:开始整理文件C:\Users\93322\Desktop至D:/文件/整理
[2023-05-05 22:31:09,833 zb.py 22212] INFO:成功整理C:\Users\93322\Desktop至D:/文件/整理
[2023-05-05 22:31:09,833 zb.py 22212] INFO:开始整理微信文件
[2023-05-05 22:31:09,857 zb.py 22212] INFO:获取到的微信用户文件目录为['D:\\文件\\应用\\微信\\WeChat Files\\wxid_pvodqkfsmnqp12\\FileStorage\\File']
[2023-05-05 22:31:09,858 zb.py 22212] INFO:开始整理文件D:\文件\应用\微信\WeChat Files\wxid_pvodqkfsmnqp12\FileStorage\File\新建文件夹至D:/文件/整理
[2023-05-05 22:31:09,858 zb.py 22212] INFO:成功整理D:\文件\应用\微信\WeChat Files\wxid_pvodqkfsmnqp12\FileStorage\File\新建文件夹至D:/文件/整理
[2023-05-05 22:31:09,858 zb.py 22212] INFO:开始整理文件D:\文件\应用\微信\WeChat Files\wxid_pvodqkfsmnqp12\FileStorage\File\新建文件夹 (2)至D:/文件/整理
[2023-05-05 22:31:09,858 zb.py 22212] INFO:成功整理D:\文件\应用\微信\WeChat Files\wxid_pvodqkfsmnqp12\FileStorage\File\新建文件夹 (2)至D:/文件/整理
[2023-05-05 22:31:09,858 zb.py 22212] INFO:开始整理文件D:\文件\应用\微信\WeChat Files\wxid_pvodqkfsmnqp12\FileStorage\File\新建文件夹 (3)至D:/文件/整理
[2023-05-05 22:31:09,859 zb.py 22212] INFO:成功整理D:\文件\应用\微信\WeChat Files\wxid_pvodqkfsmnqp12\FileStorage\File\新建文件夹 (3)至D:/文件/整理
[2023-05-05 22:31:09,859 zb.py 22212] INFO:开始整理文件D:\文件\应用\微信\WeChat Files\wxid_pvodqkfsmnqp12\FileStorage\File至D:/文件/整理
[2023-05-05 22:31:09,860 zb.py 22212] INFO:成功整理D:\文件\应用\微信\WeChat Files\wxid_pvodqkfsmnqp12\FileStorage\File至D:/文件/整理
[2023-05-05 22:31:09,860 zb.py 22212] INFO:成功整理微信文件
[2023-05-05 22:31:09,860 zb.py 22212] INFO:开始整理常用软件文件
[2023-05-05 22:31:09,860 zb.py 22212] INFO:开始整理文件D:/文件/应用/QQ/93322252/FileRecv至D:/文件/整理
[2023-05-05 22:31:09,861 zb.py 22212] INFO:成功整理D:/文件/应用/QQ/93322252/FileRecv至D:/文件/整理
[2023-05-05 22:31:09,861 zb.py 22212] INFO:开始整理文件D:/文件/应用/钉钉至D:/文件/整理
[2023-05-05 22:31:09,861 zb.py 22212] INFO:开始整理文件D:/文件/应用/百度网盘至D:/文件/整理
[2023-05-05 22:31:09,861 zb.py 22212] INFO:成功整理D:/文件/应用/百度网盘至D:/文件/整理
[2023-05-05 22:31:09,861 zb.py 22212] INFO:成功整理常用软件文件
[2023-05-05 22:31:09,861 zb.py 22212] INFO:开始清理D:\文件\整理\PPT下的空文件
[2023-05-05 22:31:09,863 zb.py 22212] INFO:开始清理D:\文件\整理\PPT下的重复文件
[2023-05-05 22:31:09,953 zb.py 22212] INFO:开始清理D:\文件\整理\文档下的空文件
[2023-05-05 22:31:09,964 zb.py 22212] INFO:开始清理D:\文件\整理\文档下的重复文件
[2023-05-05 22:31:14,314 zb.py 22212] INFO:开始清理D:\文件\整理\表格下的空文件
[2023-05-05 22:31:14,315 zb.py 22212] INFO:开始清理D:\文件\整理\表格下的重复文件
[2023-05-05 22:31:14,315 zb.py 22212] INFO:开始清理D:\文件\整理\图片下的空文件
[2023-05-05 22:31:14,316 zb.py 22212] INFO:开始清理D:\文件\整理\图片下的重复文件
[2023-05-05 22:31:14,331 zb.py 22212] INFO:开始清理D:\文件\整理\音视频下的空文件
[2023-05-05 22:31:14,332 zb.py 22212] INFO:开始清理D:\文件\整理\音视频下的重复文件
[2023-05-05 22:31:14,332 zb.py 22212] INFO:开始清理D:\文件\整理\压缩包下的空文件
[2023-05-05 22:31:14,334 zb.py 22212] INFO:开始清理D:\文件\整理\压缩包下的重复文件
[2023-05-05 22:31:14,602 zb.py 22212] INFO:开始清理D:\文件\整理\文件夹下的空文件
[2023-05-05 22:31:14,603 zb.py 22212] INFO:开始清理D:\文件\整理\文件夹下的重复文件
[2023-05-05 22:31:14,849 zb.py 22212] INFO:关闭程序
[2023-05-05 22:31:14,989 zb.py 10096] INFO:程序开始运行
[2023-05-05 22:31:15,556 zb.py 10096] INFO:设置已读取
[2023-05-05 22:31:15,556 zb.py 10096] INFO:标记该程序已打开
[2023-05-05 22:31:16,059 zb.py 19604] INFO:程序开始运行
[2023-05-05 22:31:16,059 zb.py 19604] INFO:打开加载窗口
[2023-05-05 22:31:16,623 zb.py 19604] INFO:设置已读取
[2023-05-05 22:31:16,623 zb.py 19604] INFO:设置已保存
[2023-05-05 22:31:16,623 zb.py 19604] INFO:标记该程序已打开
[2023-05-05 22:31:16,772 zb.py 19604] INFO:关闭加载窗口
[2023-05-05 22:31:17,485 zb.py 19604] INFO:开始清理回收站
[2023-05-05 22:31:17,502 zb.py 19604] INFO:成功清理回收站
[2023-05-05 22:31:17,502 zb.py 19604] INFO:开始清理系统缓存
[2023-05-05 22:31:17,518 zb.py 19604] INFO:成功清理系统缓存
[2023-05-05 22:31:17,518 zb.py 19604] INFO:开始整理文件C:\Users\93322\Desktop至D:/文件/整理
[2023-05-05 22:31:17,518 zb.py 19604] INFO:成功整理C:\Users\93322\Desktop至D:/文件/整理
[2023-05-05 22:31:17,518 zb.py 19604] INFO:开始整理微信文件
[2023-05-05 22:31:17,534 zb.py 19604] INFO:获取到的微信用户文件目录为['D:\\文件\\应用\\微信\\WeChat Files\\wxid_pvodqkfsmnqp12\\FileStorage\\File']
[2023-05-05 22:31:17,534 zb.py 19604] INFO:开始整理文件D:\文件\应用\微信\WeChat Files\wxid_pvodqkfsmnqp12\FileStorage\File\新建文件夹至D:/文件/整理
[2023-05-05 22:31:17,534 zb.py 19604] INFO:成功整理D:\文件\应用\微信\WeChat Files\wxid_pvodqkfsmnqp12\FileStorage\File\新建文件夹至D:/文件/整理
[2023-05-05 22:31:17,534 zb.py 19604] INFO:开始整理文件D:\文件\应用\微信\WeChat Files\wxid_pvodqkfsmnqp12\FileStorage\File\新建文件夹 (2)至D:/文件/整理
[2023-05-05 22:31:17,534 zb.py 19604] INFO:成功整理D:\文件\应用\微信\WeChat Files\wxid_pvodqkfsmnqp12\FileStorage\File\新建文件夹 (2)至D:/文件/整理
[2023-05-05 22:31:17,534 zb.py 19604] INFO:开始整理文件D:\文件\应用\微信\WeChat Files\wxid_pvodqkfsmnqp12\FileStorage\File\新建文件夹 (3)至D:/文件/整理
[2023-05-05 22:31:17,534 zb.py 19604] INFO:成功整理D:\文件\应用\微信\WeChat Files\wxid_pvodqkfsmnqp12\FileStorage\File\新建文件夹 (3)至D:/文件/整理
[2023-05-05 22:31:17,534 zb.py 19604] INFO:开始整理文件D:\文件\应用\微信\WeChat Files\wxid_pvodqkfsmnqp12\FileStorage\File至D:/文件/整理
[2023-05-05 22:31:17,549 zb.py 19604] INFO:成功整理D:\文件\应用\微信\WeChat Files\wxid_pvodqkfsmnqp12\FileStorage\File至D:/文件/整理
[2023-05-05 22:31:17,549 zb.py 19604] INFO:成功整理微信文件
[2023-05-05 22:31:17,549 zb.py 19604] INFO:开始整理常用软件文件
[2023-05-05 22:31:17,549 zb.py 19604] INFO:开始整理文件D:/文件/应用/QQ/93322252/FileRecv至D:/文件/整理
[2023-05-05 22:31:17,549 zb.py 19604] INFO:成功整理D:/文件/应用/QQ/93322252/FileRecv至D:/文件/整理
[2023-05-05 22:31:17,549 zb.py 19604] INFO:开始整理文件D:/文件/应用/钉钉至D:/文件/整理
[2023-05-05 22:31:17,549 zb.py 19604] INFO:开始整理文件D:/文件/应用/百度网盘至D:/文件/整理
[2023-05-05 22:31:17,549 zb.py 19604] INFO:成功整理D:/文件/应用/百度网盘至D:/文件/整理
[2023-05-05 22:31:17,549 zb.py 19604] INFO:成功整理常用软件文件
[2023-05-05 22:31:17,549 zb.py 19604] INFO:开始清理D:\文件\整理\PPT下的空文件
[2023-05-05 22:31:17,549 zb.py 19604] INFO:开始清理D:\文件\整理\PPT下的重复文件
[2023-05-05 22:31:17,643 zb.py 19604] INFO:开始清理D:\文件\整理\文档下的空文件
[2023-05-05 22:31:17,643 zb.py 19604] INFO:开始清理D:\文件\整理\文档下的重复文件
[2023-05-05 22:31:21,866 zb.py 19604] INFO:开始清理D:\文件\整理\表格下的空文件
[2023-05-05 22:31:21,866 zb.py 19604] INFO:开始清理D:\文件\整理\表格下的重复文件
[2023-05-05 22:31:21,866 zb.py 19604] INFO:开始清理D:\文件\整理\图片下的空文件
[2023-05-05 22:31:21,866 zb.py 19604] INFO:开始清理D:\文件\整理\图片下的重复文件
[2023-05-05 22:31:21,881 zb.py 19604] INFO:开始清理D:\文件\整理\音视频下的空文件
[2023-05-05 22:31:21,881 zb.py 19604] INFO:开始清理D:\文件\整理\音视频下的重复文件
[2023-05-05 22:31:21,881 zb.py 19604] INFO:开始清理D:\文件\整理\压缩包下的空文件
[2023-05-05 22:31:21,881 zb.py 19604] INFO:开始清理D:\文件\整理\压缩包下的重复文件
[2023-05-05 22:31:22,116 zb.py 19604] INFO:开始清理D:\文件\整理\文件夹下的空文件
[2023-05-05 22:31:22,116 zb.py 19604] INFO:开始清理D:\文件\整理\文件夹下的重复文件
[2023-05-05 22:35:41,422 zb.py 15572] INFO:程序开始运行
[2023-05-05 22:35:41,422 zb.py 15572] INFO:打开加载窗口
[2023-05-05 22:35:42,018 zb.py 15572] INFO:设置已读取
[2023-05-05 22:35:42,018 zb.py 15572] INFO:设置已保存
[2023-05-05 22:35:42,034 zb.py 15572] INFO:标记该程序已打开
[2023-05-05 22:35:42,166 zb.py 15572] INFO:关闭加载窗口
[2023-05-05 22:35:45,353 zb.py 15572] INFO:关闭程序
[2023-05-05 22:35:45,526 zb.py 14108] INFO:程序开始运行
[2023-05-05 22:35:46,110 zb.py 14108] INFO:设置已读取
[2023-05-05 22:35:46,122 zb.py 14108] INFO:标记该程序已打开
[2023-05-05 22:35:47,488 zb.py 4612] INFO:程序开始运行
[2023-05-05 22:35:47,488 zb.py 4612] INFO:打开加载窗口
[2023-05-05 22:35:48,040 zb.py 4612] INFO:设置已读取
[2023-05-05 22:35:48,040 zb.py 4612] INFO:设置已保存
[2023-05-05 22:35:48,040 zb.py 4612] INFO:标记该程序已打开
[2023-05-05 22:35:48,180 zb.py 4612] INFO:关闭加载窗口
[2023-05-05 22:35:57,617 zb.py 4612] INFO:开始清理回收站
[2023-05-05 22:35:57,704 zb.py 4612] INFO:成功清理回收站
[2023-05-05 22:35:57,704 zb.py 4612] INFO:开始清理系统缓存
[2023-05-05 22:35:57,713 zb.py 4612] INFO:成功清理系统缓存
[2023-05-05 22:35:57,713 zb.py 4612] INFO:开始整理文件C:\Users\93322\Desktop至D:/文件/整理
[2023-05-05 22:35:57,715 zb.py 4612] INFO:成功整理C:\Users\93322\Desktop至D:/文件/整理
[2023-05-05 22:35:57,715 zb.py 4612] INFO:开始整理微信文件
[2023-05-05 22:35:57,739 zb.py 4612] INFO:获取到的微信用户文件目录为['D:\\文件\\应用\\微信\\WeChat Files\\wxid_pvodqkfsmnqp12\\FileStorage\\File']
[2023-05-05 22:35:57,740 zb.py 4612] INFO:开始整理文件D:\文件\应用\微信\WeChat Files\wxid_pvodqkfsmnqp12\FileStorage\File\新建文件夹至D:/文件/整理
[2023-05-05 22:35:57,740 zb.py 4612] INFO:成功整理D:\文件\应用\微信\WeChat Files\wxid_pvodqkfsmnqp12\FileStorage\File\新建文件夹至D:/文件/整理
[2023-05-05 22:35:57,740 zb.py 4612] INFO:开始整理文件D:\文件\应用\微信\WeChat Files\wxid_pvodqkfsmnqp12\FileStorage\File\新建文件夹 (2)至D:/文件/整理
[2023-05-05 22:35:57,740 zb.py 4612] INFO:成功整理D:\文件\应用\微信\WeChat Files\wxid_pvodqkfsmnqp12\FileStorage\File\新建文件夹 (2)至D:/文件/整理
[2023-05-05 22:35:57,740 zb.py 4612] INFO:开始整理文件D:\文件\应用\微信\WeChat Files\wxid_pvodqkfsmnqp12\FileStorage\File\新建文件夹 (3)至D:/文件/整理
[2023-05-05 22:35:57,741 zb.py 4612] INFO:成功整理D:\文件\应用\微信\WeChat Files\wxid_pvodqkfsmnqp12\FileStorage\File\新建文件夹 (3)至D:/文件/整理
[2023-05-05 22:35:57,741 zb.py 4612] INFO:开始整理文件D:\文件\应用\微信\WeChat Files\wxid_pvodqkfsmnqp12\FileStorage\File至D:/文件/整理
[2023-05-05 22:35:57,741 zb.py 4612] INFO:成功整理D:\文件\应用\微信\WeChat Files\wxid_pvodqkfsmnqp12\FileStorage\File至D:/文件/整理
[2023-05-05 22:35:57,741 zb.py 4612] INFO:成功整理微信文件
[2023-05-05 22:35:57,741 zb.py 4612] INFO:开始整理常用软件文件
[2023-05-05 22:35:57,741 zb.py 4612] INFO:开始整理文件D:/文件/应用/QQ/93322252/FileRecv至D:/文件/整理
[2023-05-05 22:35:57,742 zb.py 4612] INFO:成功整理D:/文件/应用/QQ/93322252/FileRecv至D:/文件/整理
[2023-05-05 22:35:57,742 zb.py 4612] INFO:开始整理文件D:/文件/应用/钉钉至D:/文件/整理
[2023-05-05 22:35:57,742 zb.py 4612] INFO:开始整理文件D:/文件/应用/百度网盘至D:/文件/整理
[2023-05-05 22:35:57,743 zb.py 4612] INFO:成功整理D:/文件/应用/百度网盘至D:/文件/整理
[2023-05-05 22:35:57,743 zb.py 4612] INFO:成功整理常用软件文件
[2023-05-05 22:35:57,743 zb.py 4612] INFO:开始清理D:\文件\整理\PPT下的空文件
[2023-05-05 22:35:57,748 zb.py 4612] INFO:开始清理D:\文件\整理\PPT下的重复文件
[2023-05-05 22:35:57,750 zb.py 4612] INFO:开始清理D:\文件\整理\文档下的空文件
[2023-05-05 22:35:57,761 zb.py 4612] INFO:开始清理D:\文件\整理\文档下的重复文件
[2023-05-05 22:35:57,775 zb.py 4612] INFO:开始清理D:\文件\整理\表格下的空文件
[2023-05-05 22:35:57,775 zb.py 4612] INFO:开始清理D:\文件\整理\表格下的重复文件
[2023-05-05 22:35:57,775 zb.py 4612] INFO:开始清理D:\文件\整理\图片下的空文件
[2023-05-05 22:35:57,777 zb.py 4612] INFO:开始清理D:\文件\整理\图片下的重复文件
[2023-05-05 22:35:57,778 zb.py 4612] INFO:开始清理D:\文件\整理\音视频下的空文件
[2023-05-05 22:35:57,778 zb.py 4612] INFO:开始清理D:\文件\整理\音视频下的重复文件
[2023-05-05 22:35:57,778 zb.py 4612] INFO:开始清理D:\文件\整理\压缩包下的空文件
[2023-05-05 22:35:57,781 zb.py 4612] INFO:开始清理D:\文件\整理\压缩包下的重复文件
[2023-05-05 22:35:57,789 zb.py 4612] INFO:开始清理D:\文件\整理\文件夹下的空文件
[2023-05-05 22:35:57,790 zb.py 4612] INFO:开始清理D:\文件\整理\文件夹下的重复文件
[2023-05-05 22:36:19,935 zb.py 4612] INFO:开始清理回收站
[2023-05-05 22:36:20,006 zb.py 4612] INFO:成功清理回收站
[2023-05-05 22:36:20,006 zb.py 4612] INFO:开始清理系统缓存
[2023-05-05 22:36:20,010 zb.py 4612] INFO:成功清理系统缓存
[2023-05-05 22:36:20,010 zb.py 4612] INFO:开始整理文件C:\Users\93322\Desktop至D:/文件/整理
[2023-05-05 22:36:20,013 zb.py 4612] INFO:成功整理C:\Users\93322\Desktop至D:/文件/整理
[2023-05-05 22:36:20,013 zb.py 4612] INFO:开始整理微信文件
[2023-05-05 22:36:20,039 zb.py 4612] INFO:获取到的微信用户文件目录为['D:\\文件\\应用\\微信\\WeChat Files\\wxid_pvodqkfsmnqp12\\FileStorage\\File']
[2023-05-05 22:36:20,039 zb.py 4612] INFO:开始整理文件D:\文件\应用\微信\WeChat Files\wxid_pvodqkfsmnqp12\FileStorage\File\新建文件夹至D:/文件/整理
[2023-05-05 22:36:20,040 zb.py 4612] INFO:成功整理D:\文件\应用\微信\WeChat Files\wxid_pvodqkfsmnqp12\FileStorage\File\新建文件夹至D:/文件/整理
[2023-05-05 22:36:20,040 zb.py 4612] INFO:开始整理文件D:\文件\应用\微信\WeChat Files\wxid_pvodqkfsmnqp12\FileStorage\File\新建文件夹 (2)至D:/文件/整理
[2023-05-05 22:36:20,040 zb.py 4612] INFO:成功整理D:\文件\应用\微信\WeChat Files\wxid_pvodqkfsmnqp12\FileStorage\File\新建文件夹 (2)至D:/文件/整理
[2023-05-05 22:36:20,040 zb.py 4612] INFO:开始整理文件D:\文件\应用\微信\WeChat Files\wxid_pvodqkfsmnqp12\FileStorage\File\新建文件夹 (3)至D:/文件/整理
[2023-05-05 22:36:20,041 zb.py 4612] INFO:成功整理D:\文件\应用\微信\WeChat Files\wxid_pvodqkfsmnqp12\FileStorage\File\新建文件夹 (3)至D:/文件/整理
[2023-05-05 22:36:20,041 zb.py 4612] INFO:开始整理文件D:\文件\应用\微信\WeChat Files\wxid_pvodqkfsmnqp12\FileStorage\File至D:/文件/整理
[2023-05-05 22:36:20,041 zb.py 4612] INFO:成功整理D:\文件\应用\微信\WeChat Files\wxid_pvodqkfsmnqp12\FileStorage\File至D:/文件/整理
[2023-05-05 22:36:20,041 zb.py 4612] INFO:成功整理微信文件
[2023-05-05 22:36:20,041 zb.py 4612] INFO:开始整理常用软件文件
[2023-05-05 22:36:20,041 zb.py 4612] INFO:开始整理文件D:/文件/应用/QQ/93322252/FileRecv至D:/文件/整理
[2023-05-05 22:36:20,043 zb.py 4612] INFO:成功整理D:/文件/应用/QQ/93322252/FileRecv至D:/文件/整理
[2023-05-05 22:36:20,043 zb.py 4612] INFO:开始整理文件D:/文件/应用/钉钉至D:/文件/整理
[2023-05-05 22:36:20,043 zb.py 4612] INFO:开始整理文件D:/文件/应用/百度网盘至D:/文件/整理
[2023-05-05 22:36:20,044 zb.py 4612] INFO:成功整理D:/文件/应用/百度网盘至D:/文件/整理
[2023-05-05 22:36:20,044 zb.py 4612] INFO:成功整理常用软件文件
[2023-05-05 22:36:20,044 zb.py 4612] INFO:开始清理D:\文件\整理\PPT下的空文件
[2023-05-05 22:36:20,046 zb.py 4612] INFO:开始清理D:\文件\整理\PPT下的重复文件
[2023-05-05 22:36:20,048 zb.py 4612] INFO:开始清理D:\文件\整理\文档下的空文件
[2023-05-05 22:36:20,059 zb.py 4612] INFO:开始清理D:\文件\整理\文档下的重复文件
[2023-05-05 22:36:20,074 zb.py 4612] INFO:开始清理D:\文件\整理\表格下的空文件
[2023-05-05 22:36:20,074 zb.py 4612] INFO:开始清理D:\文件\整理\表格下的重复文件
[2023-05-05 22:36:20,074 zb.py 4612] INFO:开始清理D:\文件\整理\图片下的空文件
[2023-05-05 22:36:20,075 zb.py 4612] INFO:开始清理D:\文件\整理\图片下的重复文件
[2023-05-05 22:36:20,077 zb.py 4612] INFO:开始清理D:\文件\整理\音视频下的空文件
[2023-05-05 22:36:20,077 zb.py 4612] INFO:开始清理D:\文件\整理\音视频下的重复文件
[2023-05-05 22:36:20,078 zb.py 4612] INFO:开始清理D:\文件\整理\压缩包下的空文件
[2023-05-05 22:36:20,084 zb.py 4612] INFO:开始清理D:\文件\整理\压缩包下的重复文件
[2023-05-05 22:36:20,092 zb.py 4612] INFO:开始清理D:\文件\整理\文件夹下的空文件
[2023-05-05 22:36:20,094 zb.py 4612] INFO:开始清理D:\文件\整理\文件夹下的重复文件
[2023-05-05 22:36:31,225 zb.py 17348] INFO:程序开始运行
[2023-05-05 22:36:31,232 zb.py 17348] INFO:打开加载窗口
[2023-05-05 22:36:31,802 zb.py 17348] INFO:设置已读取
[2023-05-05 22:36:31,802 zb.py 17348] INFO:设置已保存
[2023-05-05 22:36:31,806 zb.py 17348] INFO:标记该程序已打开
[2023-05-05 22:36:31,940 zb.py 17348] INFO:关闭加载窗口
[2023-05-05 22:36:49,570 zb.py 17348] INFO:开始清理回收站
[2023-05-05 22:36:49,593 zb.py 17348] INFO:成功清理回收站
[2023-05-05 22:36:49,593 zb.py 17348] INFO:开始清理系统缓存
[2023-05-05 22:36:49,598 zb.py 17348] INFO:成功清理系统缓存
[2023-05-05 22:36:49,598 zb.py 17348] INFO:开始整理文件C:\Users\93322\Desktop至D:/文件/整理
[2023-05-05 22:36:49,600 zb.py 17348] INFO:成功整理C:\Users\93322\Desktop至D:/文件/整理
[2023-05-05 22:36:49,600 zb.py 17348] INFO:开始整理微信文件
[2023-05-05 22:36:49,625 zb.py 17348] INFO:获取到的微信用户文件目录为['D:\\文件\\应用\\微信\\WeChat Files\\wxid_pvodqkfsmnqp12\\FileStorage\\File']
[2023-05-05 22:36:49,625 zb.py 17348] INFO:开始整理文件D:\文件\应用\微信\WeChat Files\wxid_pvodqkfsmnqp12\FileStorage\File\新建文件夹至D:/文件/整理
[2023-05-05 22:36:49,626 zb.py 17348] INFO:成功整理D:\文件\应用\微信\WeChat Files\wxid_pvodqkfsmnqp12\FileStorage\File\新建文件夹至D:/文件/整理
[2023-05-05 22:36:49,626 zb.py 17348] INFO:开始整理文件D:\文件\应用\微信\WeChat Files\wxid_pvodqkfsmnqp12\FileStorage\File\新建文件夹 (2)至D:/文件/整理
[2023-05-05 22:36:49,626 zb.py 17348] INFO:成功整理D:\文件\应用\微信\WeChat Files\wxid_pvodqkfsmnqp12\FileStorage\File\新建文件夹 (2)至D:/文件/整理
[2023-05-05 22:36:49,626 zb.py 17348] INFO:开始整理文件D:\文件\应用\微信\WeChat Files\wxid_pvodqkfsmnqp12\FileStorage\File\新建文件夹 (3)至D:/文件/整理
[2023-05-05 22:36:49,627 zb.py 17348] INFO:成功整理D:\文件\应用\微信\WeChat Files\wxid_pvodqkfsmnqp12\FileStorage\File\新建文件夹 (3)至D:/文件/整理
[2023-05-05 22:36:49,627 zb.py 17348] INFO:开始整理文件D:\文件\应用\微信\WeChat Files\wxid_pvodqkfsmnqp12\FileStorage\File至D:/文件/整理
[2023-05-05 22:36:49,627 zb.py 17348] INFO:成功整理D:\文件\应用\微信\WeChat Files\wxid_pvodqkfsmnqp12\FileStorage\File至D:/文件/整理
[2023-05-05 22:36:49,627 zb.py 17348] INFO:成功整理微信文件
[2023-05-05 22:36:49,627 zb.py 17348] INFO:开始整理常用软件文件
[2023-05-05 22:36:49,627 zb.py 17348] INFO:开始整理文件D:/文件/应用/QQ/93322252/FileRecv至D:/文件/整理
[2023-05-05 22:36:49,628 zb.py 17348] INFO:成功整理D:/文件/应用/QQ/93322252/FileRecv至D:/文件/整理
[2023-05-05 22:36:49,628 zb.py 17348] INFO:开始整理文件D:/文件/应用/钉钉至D:/文件/整理
[2023-05-05 22:36:49,628 zb.py 17348] INFO:开始整理文件D:/文件/应用/百度网盘至D:/文件/整理
[2023-05-05 22:36:49,629 zb.py 17348] INFO:成功整理D:/文件/应用/百度网盘至D:/文件/整理
[2023-05-05 22:36:49,629 zb.py 17348] INFO:成功整理常用软件文件
[2023-05-05 22:36:49,629 zb.py 17348] INFO:开始清理D:\文件\整理\PPT下的空文件
[2023-05-05 22:36:49,631 zb.py 17348] INFO:开始清理D:\文件\整理\PPT下的重复文件
[2023-05-05 22:36:49,633 zb.py 17348] INFO:开始清理D:\文件\整理\文档下的空文件
[2023-05-05 22:36:49,644 zb.py 17348] INFO:开始清理D:\文件\整理\文档下的重复文件
[2023-05-05 22:36:49,659 zb.py 17348] INFO:开始清理D:\文件\整理\表格下的空文件
[2023-05-05 22:36:49,660 zb.py 17348] INFO:开始清理D:\文件\整理\表格下的重复文件
[2023-05-05 22:36:49,660 zb.py 17348] INFO:开始清理D:\文件\整理\图片下的空文件
[2023-05-05 22:36:49,661 zb.py 17348] INFO:开始清理D:\文件\整理\图片下的重复文件
[2023-05-05 22:36:49,662 zb.py 17348] INFO:开始清理D:\文件\整理\音视频下的空文件
[2023-05-05 22:36:49,662 zb.py 17348] INFO:开始清理D:\文件\整理\音视频下的重复文件
[2023-05-05 22:36:49,662 zb.py 17348] INFO:开始清理D:\文件\整理\压缩包下的空文件
[2023-05-05 22:36:49,665 zb.py 17348] INFO:开始清理D:\文件\整理\压缩包下的重复文件
[2023-05-05 22:36:49,670 zb.py 17348] INFO:开始清理D:\文件\整理\文件夹下的空文件
[2023-05-05 22:36:49,671 zb.py 17348] INFO:开始清理D:\文件\整理\文件夹下的重复文件
[2023-05-05 22:38:42,727 zb.py 9580] INFO:程序开始运行
[2023-05-05 22:38:42,734 zb.py 9580] INFO:打开加载窗口
[2023-05-05 22:38:43,296 zb.py 9580] INFO:设置已读取
[2023-05-05 22:38:43,296 zb.py 9580] INFO:设置已保存
[2023-05-05 22:38:43,298 zb.py 9580] INFO:标记该程序已打开
[2023-05-05 22:38:43,437 zb.py 9580] INFO:关闭加载窗口
[2023-05-05 22:38:54,061 zb.py 9580] INFO:开始清理回收站
[2023-05-05 22:38:54,088 zb.py 9580] INFO:成功清理回收站
[2023-05-05 22:38:54,088 zb.py 9580] INFO:开始清理系统缓存
[2023-05-05 22:38:54,091 zb.py 9580] INFO:成功清理系统缓存
[2023-05-05 22:38:54,091 zb.py 9580] INFO:开始整理文件C:\Users\93322\Desktop至D:/文件/整理
[2023-05-05 22:38:54,093 zb.py 9580] INFO:成功整理C:\Users\93322\Desktop至D:/文件/整理
[2023-05-05 22:38:54,093 zb.py 9580] INFO:开始整理微信文件
[2023-05-05 22:38:54,119 zb.py 9580] INFO:获取到的微信用户文件目录为['D:\\文件\\应用\\微信\\WeChat Files\\wxid_pvodqkfsmnqp12\\FileStorage\\File']
[2023-05-05 22:38:54,119 zb.py 9580] INFO:开始整理文件D:\文件\应用\微信\WeChat Files\wxid_pvodqkfsmnqp12\FileStorage\File\新建文件夹至D:/文件/整理
[2023-05-05 22:38:54,120 zb.py 9580] INFO:成功整理D:\文件\应用\微信\WeChat Files\wxid_pvodqkfsmnqp12\FileStorage\File\新建文件夹至D:/文件/整理
[2023-05-05 22:38:54,120 zb.py 9580] INFO:开始整理文件D:\文件\应用\微信\WeChat Files\wxid_pvodqkfsmnqp12\FileStorage\File\新建文件夹 (2)至D:/文件/整理
[2023-05-05 22:38:54,120 zb.py 9580] INFO:成功整理D:\文件\应用\微信\WeChat Files\wxid_pvodqkfsmnqp12\FileStorage\File\新建文件夹 (2)至D:/文件/整理
[2023-05-05 22:38:54,120 zb.py 9580] INFO:开始整理文件D:\文件\应用\微信\WeChat Files\wxid_pvodqkfsmnqp12\FileStorage\File\新建文件夹 (3)至D:/文件/整理
[2023-05-05 22:38:54,120 zb.py 9580] INFO:成功整理D:\文件\应用\微信\WeChat Files\wxid_pvodqkfsmnqp12\FileStorage\File\新建文件夹 (3)至D:/文件/整理
[2023-05-05 22:38:54,120 zb.py 9580] INFO:开始整理文件D:\文件\应用\微信\WeChat Files\wxid_pvodqkfsmnqp12\FileStorage\File至D:/文件/整理
[2023-05-05 22:38:54,121 zb.py 9580] INFO:成功整理D:\文件\应用\微信\WeChat Files\wxid_pvodqkfsmnqp12\FileStorage\File至D:/文件/整理
[2023-05-05 22:38:54,121 zb.py 9580] INFO:成功整理微信文件
[2023-05-05 22:38:54,121 zb.py 9580] INFO:开始整理常用软件文件
[2023-05-05 22:38:54,121 zb.py 9580] INFO:开始整理文件D:/文件/应用/QQ/93322252/FileRecv至D:/文件/整理
[2023-05-05 22:38:54,122 zb.py 9580] INFO:成功整理D:/文件/应用/QQ/93322252/FileRecv至D:/文件/整理
[2023-05-05 22:38:54,122 zb.py 9580] INFO:开始整理文件D:/文件/应用/钉钉至D:/文件/整理
[2023-05-05 22:38:54,122 zb.py 9580] INFO:开始整理文件D:/文件/应用/百度网盘至D:/文件/整理
[2023-05-05 22:38:54,122 zb.py 9580] INFO:成功整理D:/文件/应用/百度网盘至D:/文件/整理
[2023-05-05 22:38:54,122 zb.py 9580] INFO:成功整理常用软件文件
[2023-05-05 22:38:54,122 zb.py 9580] INFO:开始清理D:\文件\整理\PPT下的空文件
[2023-05-05 22:38:54,125 zb.py 9580] INFO:开始清理D:\文件\整理\PPT下的重复文件
[2023-05-05 22:38:54,127 zb.py 9580] INFO:开始清理D:\文件\整理\文档下的空文件
[2023-05-05 22:38:54,136 zb.py 9580] INFO:开始清理D:\文件\整理\文档下的重复文件
[2023-05-05 22:38:54,149 zb.py 9580] INFO:开始清理D:\文件\整理\表格下的空文件
[2023-05-05 22:38:54,149 zb.py 9580] INFO:开始清理D:\文件\整理\表格下的重复文件
[2023-05-05 22:38:54,150 zb.py 9580] INFO:开始清理D:\文件\整理\图片下的空文件
[2023-05-05 22:38:54,150 zb.py 9580] INFO:开始清理D:\文件\整理\图片下的重复文件
[2023-05-05 22:38:54,151 zb.py 9580] INFO:开始清理D:\文件\整理\音视频下的空文件
[2023-05-05 22:38:54,151 zb.py 9580] INFO:开始清理D:\文件\整理\音视频下的重复文件
[2023-05-05 22:38:54,151 zb.py 9580] INFO:开始清理D:\文件\整理\压缩包下的空文件
[2023-05-05 22:38:54,153 zb.py 9580] INFO:开始清理D:\文件\整理\压缩包下的重复文件
[2023-05-05 22:38:54,155 zb.py 9580] INFO:开始清理D:\文件\整理\文件夹下的空文件
[2023-05-05 22:38:54,197 zb.py 9580] INFO:开始清理D:\文件\整理\文件夹下的重复文件
[2023-05-05 22:38:59,430 zb.py 9580] INFO:开始清理回收站
[2023-05-05 22:38:59,437 zb.py 9580] INFO:成功清理回收站
[2023-05-05 22:38:59,437 zb.py 9580] INFO:开始清理系统缓存
[2023-05-05 22:38:59,442 zb.py 9580] INFO:成功清理系统缓存
[2023-05-05 22:38:59,442 zb.py 9580] INFO:开始整理文件C:\Users\93322\Desktop至D:/文件/整理
[2023-05-05 22:38:59,447 zb.py 9580] INFO:成功整理C:\Users\93322\Desktop至D:/文件/整理
[2023-05-05 22:38:59,447 zb.py 9580] INFO:开始整理微信文件
[2023-05-05 22:38:59,480 zb.py 9580] INFO:获取到的微信用户文件目录为['D:\\文件\\应用\\微信\\WeChat Files\\wxid_pvodqkfsmnqp12\\FileStorage\\File']
[2023-05-05 22:38:59,480 zb.py 9580] INFO:开始整理文件D:\文件\应用\微信\WeChat Files\wxid_pvodqkfsmnqp12\FileStorage\File\新建文件夹至D:/文件/整理
[2023-05-05 22:38:59,481 zb.py 9580] INFO:成功整理D:\文件\应用\微信\WeChat Files\wxid_pvodqkfsmnqp12\FileStorage\File\新建文件夹至D:/文件/整理
[2023-05-05 22:38:59,481 zb.py 9580] INFO:开始整理文件D:\文件\应用\微信\WeChat Files\wxid_pvodqkfsmnqp12\FileStorage\File\新建文件夹 (2)至D:/文件/整理
[2023-05-05 22:38:59,481 zb.py 9580] INFO:成功整理D:\文件\应用\微信\WeChat Files\wxid_pvodqkfsmnqp12\FileStorage\File\新建文件夹 (2)至D:/文件/整理
[2023-05-05 22:38:59,481 zb.py 9580] INFO:开始整理文件D:\文件\应用\微信\WeChat Files\wxid_pvodqkfsmnqp12\FileStorage\File\新建文件夹 (3)至D:/文件/整理
[2023-05-05 22:38:59,481 zb.py 9580] INFO:成功整理D:\文件\应用\微信\WeChat Files\wxid_pvodqkfsmnqp12\FileStorage\File\新建文件夹 (3)至D:/文件/整理
[2023-05-05 22:38:59,481 zb.py 9580] INFO:开始整理文件D:\文件\应用\微信\WeChat Files\wxid_pvodqkfsmnqp12\FileStorage\File至D:/文件/整理
[2023-05-05 22:38:59,482 zb.py 9580] INFO:成功整理D:\文件\应用\微信\WeChat Files\wxid_pvodqkfsmnqp12\FileStorage\File至D:/文件/整理
[2023-05-05 22:38:59,482 zb.py 9580] INFO:成功整理微信文件
[2023-05-05 22:38:59,482 zb.py 9580] INFO:开始整理常用软件文件
[2023-05-05 22:38:59,482 zb.py 9580] INFO:开始整理文件D:/文件/应用/QQ/93322252/FileRecv至D:/文件/整理
[2023-05-05 22:38:59,483 zb.py 9580] INFO:成功整理D:/文件/应用/QQ/93322252/FileRecv至D:/文件/整理
[2023-05-05 22:38:59,483 zb.py 9580] INFO:开始整理文件D:/文件/应用/钉钉至D:/文件/整理
[2023-05-05 22:38:59,483 zb.py 9580] INFO:开始整理文件D:/文件/应用/百度网盘至D:/文件/整理
[2023-05-05 22:38:59,483 zb.py 9580] INFO:成功整理D:/文件/应用/百度网盘至D:/文件/整理
[2023-05-05 22:38:59,483 zb.py 9580] INFO:成功整理常用软件文件
[2023-05-05 22:38:59,483 zb.py 9580] INFO:开始清理D:\文件\整理\PPT下的空文件
[2023-05-05 22:38:59,490 zb.py 9580] INFO:开始清理D:\文件\整理\PPT下的重复文件
[2023-05-05 22:38:59,493 zb.py 9580] INFO:开始清理D:\文件\整理\文档下的空文件
[2023-05-05 22:38:59,504 zb.py 9580] INFO:开始清理D:\文件\整理\文档下的重复文件
[2023-05-05 22:38:59,518 zb.py 9580] INFO:开始清理D:\文件\整理\表格下的空文件
[2023-05-05 22:38:59,518 zb.py 9580] INFO:开始清理D:\文件\整理\表格下的重复文件
[2023-05-05 22:38:59,518 zb.py 9580] INFO:开始清理D:\文件\整理\图片下的空文件
[2023-05-05 22:38:59,519 zb.py 9580] INFO:开始清理D:\文件\整理\图片下的重复文件
[2023-05-05 22:38:59,519 zb.py 9580] INFO:开始清理D:\文件\整理\音视频下的空文件
[2023-05-05 22:38:59,520 zb.py 9580] INFO:开始清理D:\文件\整理\音视频下的重复文件
[2023-05-05 22:38:59,520 zb.py 9580] INFO:开始清理D:\文件\整理\压缩包下的空文件
[2023-05-05 22:38:59,521 zb.py 9580] INFO:开始清理D:\文件\整理\压缩包下的重复文件
[2023-05-05 22:38:59,524 zb.py 9580] INFO:开始清理D:\文件\整理\文件夹下的空文件
[2023-05-05 22:38:59,559 zb.py 9580] INFO:开始清理D:\文件\整理\文件夹下的重复文件
[2023-05-05 22:39:08,530 zb.py 9580] INFO:开始清理回收站
[2023-05-05 22:39:08,535 zb.py 9580] INFO:成功清理回收站
[2023-05-05 22:39:08,535 zb.py 9580] INFO:开始清理系统缓存
[2023-05-05 22:39:08,540 zb.py 9580] INFO:成功清理系统缓存
[2023-05-05 22:39:08,540 zb.py 9580] INFO:开始整理文件C:\Users\93322\Desktop至D:/文件/整理
[2023-05-05 22:39:08,554 zb.py 9580] INFO:成功整理C:\Users\93322\Desktop至D:/文件/整理
[2023-05-05 22:39:08,554 zb.py 9580] INFO:开始整理微信文件
[2023-05-05 22:39:08,590 zb.py 9580] INFO:获取到的微信用户文件目录为['D:\\文件\\应用\\微信\\WeChat Files\\wxid_pvodqkfsmnqp12\\FileStorage\\File']
[2023-05-05 22:39:08,590 zb.py 9580] INFO:开始整理文件D:\文件\应用\微信\WeChat Files\wxid_pvodqkfsmnqp12\FileStorage\File\新建文件夹至D:/文件/整理
[2023-05-05 22:39:08,590 zb.py 9580] INFO:成功整理D:\文件\应用\微信\WeChat Files\wxid_pvodqkfsmnqp12\FileStorage\File\新建文件夹至D:/文件/整理
[2023-05-05 22:39:08,590 zb.py 9580] INFO:开始整理文件D:\文件\应用\微信\WeChat Files\wxid_pvodqkfsmnqp12\FileStorage\File\新建文件夹 (2)至D:/文件/整理
[2023-05-05 22:39:08,591 zb.py 9580] INFO:成功整理D:\文件\应用\微信\WeChat Files\wxid_pvodqkfsmnqp12\FileStorage\File\新建文件夹 (2)至D:/文件/整理
[2023-05-05 22:39:08,591 zb.py 9580] INFO:开始整理文件D:\文件\应用\微信\WeChat Files\wxid_pvodqkfsmnqp12\FileStorage\File\新建文件夹 (3)至D:/文件/整理
[2023-05-05 22:39:08,591 zb.py 9580] INFO:成功整理D:\文件\应用\微信\WeChat Files\wxid_pvodqkfsmnqp12\FileStorage\File\新建文件夹 (3)至D:/文件/整理
[2023-05-05 22:39:08,591 zb.py 9580] INFO:开始整理文件D:\文件\应用\微信\WeChat Files\wxid_pvodqkfsmnqp12\FileStorage\File至D:/文件/整理
[2023-05-05 22:39:08,592 zb.py 9580] INFO:成功整理D:\文件\应用\微信\WeChat Files\wxid_pvodqkfsmnqp12\FileStorage\File至D:/文件/整理
[2023-05-05 22:39:08,592 zb.py 9580] INFO:成功整理微信文件
[2023-05-05 22:39:08,592 zb.py 9580] INFO:开始整理常用软件文件
[2023-05-05 22:39:08,592 zb.py 9580] INFO:开始整理文件D:/文件/应用/QQ/93322252/FileRecv至D:/文件/整理
[2023-05-05 22:39:08,593 zb.py 9580] INFO:成功整理D:/文件/应用/QQ/93322252/FileRecv至D:/文件/整理
[2023-05-05 22:39:08,593 zb.py 9580] INFO:开始整理文件D:/文件/应用/钉钉至D:/文件/整理
[2023-05-05 22:39:08,593 zb.py 9580] INFO:开始整理文件D:/文件/应用/百度网盘至D:/文件/整理
[2023-05-05 22:39:08,593 zb.py 9580] INFO:成功整理D:/文件/应用/百度网盘至D:/文件/整理
[2023-05-05 22:39:08,593 zb.py 9580] INFO:成功整理常用软件文件
[2023-05-05 22:39:08,593 zb.py 9580] INFO:开始清理D:\文件\整理\PPT下的空文件
[2023-05-05 22:39:08,595 zb.py 9580] INFO:开始清理D:\文件\整理\PPT下的重复文件
[2023-05-05 22:39:08,598 zb.py 9580] INFO:开始清理D:\文件\整理\文档下的空文件
[2023-05-05 22:39:08,605 zb.py 9580] INFO:开始清理D:\文件\整理\文档下的重复文件
[2023-05-05 22:39:08,618 zb.py 9580] INFO:开始清理D:\文件\整理\表格下的空文件
[2023-05-05 22:39:08,618 zb.py 9580] INFO:开始清理D:\文件\整理\表格下的重复文件
[2023-05-05 22:39:08,618 zb.py 9580] INFO:开始清理D:\文件\整理\图片下的空文件
[2023-05-05 22:39:08,619 zb.py 9580] INFO:开始清理D:\文件\整理\图片下的重复文件
[2023-05-05 22:39:08,620 zb.py 9580] INFO:开始清理D:\文件\整理\音视频下的空文件
[2023-05-05 22:39:08,620 zb.py 9580] INFO:开始清理D:\文件\整理\音视频下的重复文件
[2023-05-05 22:39:08,620 zb.py 9580] INFO:开始清理D:\文件\整理\压缩包下的空文件
[2023-05-05 22:39:08,622 zb.py 9580] INFO:开始清理D:\文件\整理\压缩包下的重复文件
[2023-05-05 22:39:08,624 zb.py 9580] INFO:开始清理D:\文件\整理\文件夹下的空文件
[2023-05-05 22:39:08,661 zb.py 9580] INFO:开始清理D:\文件\整理\文件夹下的重复文件
[2023-05-05 22:40:48,778 zb.py 9580] INFO:开始清理回收站
[2023-05-05 22:40:48,783 zb.py 9580] INFO:成功清理回收站
[2023-05-05 22:40:48,783 zb.py 9580] INFO:开始清理系统缓存
[2023-05-05 22:40:48,787 zb.py 9580] INFO:成功清理系统缓存
[2023-05-05 22:40:48,787 zb.py 9580] INFO:开始整理文件C:\Users\93322\Desktop至D:/文件/整理
[2023-05-05 22:40:48,875 zb.py 9580] INFO:成功整理C:\Users\93322\Desktop至D:/文件/整理
[2023-05-05 22:40:48,875 zb.py 9580] INFO:开始整理微信文件
[2023-05-05 22:40:48,891 zb.py 9580] INFO:获取到的微信用户文件目录为['D:\\文件\\应用\\微信\\WeChat Files\\wxid_pvodqkfsmnqp12\\FileStorage\\File']
[2023-05-05 22:40:48,891 zb.py 9580] INFO:开始整理文件D:\文件\应用\微信\WeChat Files\wxid_pvodqkfsmnqp12\FileStorage\File\新建文件夹至D:/文件/整理
[2023-05-05 22:40:48,906 zb.py 9580] INFO:成功整理D:\文件\应用\微信\WeChat Files\wxid_pvodqkfsmnqp12\FileStorage\File\新建文件夹至D:/文件/整理
[2023-05-05 22:40:48,906 zb.py 9580] INFO:开始整理文件D:\文件\应用\微信\WeChat Files\wxid_pvodqkfsmnqp12\FileStorage\File\新建文件夹 (2)至D:/文件/整理
[2023-05-05 22:40:48,922 zb.py 9580] INFO:成功整理D:\文件\应用\微信\WeChat Files\wxid_pvodqkfsmnqp12\FileStorage\File\新建文件夹 (2)至D:/文件/整理
[2023-05-05 22:40:48,922 zb.py 9580] INFO:开始整理文件D:\文件\应用\微信\WeChat Files\wxid_pvodqkfsmnqp12\FileStorage\File\新建文件夹 (3)至D:/文件/整理
[2023-05-05 22:40:48,944 zb.py 9580] INFO:成功整理D:\文件\应用\微信\WeChat Files\wxid_pvodqkfsmnqp12\FileStorage\File\新建文件夹 (3)至D:/文件/整理
[2023-05-05 22:40:48,944 zb.py 9580] INFO:开始整理文件D:\文件\应用\微信\WeChat Files\wxid_pvodqkfsmnqp12\FileStorage\File至D:/文件/整理
[2023-05-05 22:40:48,953 zb.py 9580] INFO:成功整理D:\文件\应用\微信\WeChat Files\wxid_pvodqkfsmnqp12\FileStorage\File至D:/文件/整理
[2023-05-05 22:40:48,953 zb.py 9580] INFO:成功整理微信文件
[2023-05-05 22:40:48,953 zb.py 9580] INFO:开始整理常用软件文件
[2023-05-05 22:40:48,953 zb.py 9580] INFO:开始整理文件D:/文件/应用/QQ/93322252/FileRecv至D:/文件/整理
[2023-05-05 22:40:48,953 zb.py 9580] INFO:成功整理D:/文件/应用/QQ/93322252/FileRecv至D:/文件/整理
[2023-05-05 22:40:48,953 zb.py 9580] INFO:开始整理文件D:/文件/应用/钉钉至D:/文件/整理
[2023-05-05 22:40:48,953 zb.py 9580] INFO:开始整理文件D:/文件/应用/百度网盘至D:/文件/整理
[2023-05-05 22:40:48,953 zb.py 9580] INFO:成功整理D:/文件/应用/百度网盘至D:/文件/整理
[2023-05-05 22:40:48,953 zb.py 9580] INFO:成功整理常用软件文件
[2023-05-05 22:40:48,953 zb.py 9580] INFO:开始清理D:\文件\整理\PPT下的空文件
[2023-05-05 22:40:48,962 zb.py 9580] INFO:开始清理D:\文件\整理\PPT下的重复文件
[2023-05-05 22:40:48,962 zb.py 9580] INFO:开始清理D:\文件\整理\文档下的空文件
[2023-05-05 22:40:48,969 zb.py 9580] INFO:开始清理D:\文件\整理\文档下的重复文件
[2023-05-05 22:40:48,985 zb.py 9580] INFO:开始清理D:\文件\整理\表格下的空文件
[2023-05-05 22:40:48,985 zb.py 9580] INFO:开始清理D:\文件\整理\表格下的重复文件
[2023-05-05 22:40:48,985 zb.py 9580] INFO:开始清理D:\文件\整理\图片下的空文件
[2023-05-05 22:40:48,985 zb.py 9580] INFO:开始清理D:\文件\整理\图片下的重复文件
[2023-05-05 22:40:48,985 zb.py 9580] INFO:开始清理D:\文件\整理\音视频下的空文件
[2023-05-05 22:40:48,985 zb.py 9580] INFO:开始清理D:\文件\整理\音视频下的重复文件
[2023-05-05 22:40:48,985 zb.py 9580] INFO:开始清理D:\文件\整理\压缩包下的空文件
[2023-05-05 22:40:48,985 zb.py 9580] INFO:开始清理D:\文件\整理\压缩包下的重复文件
[2023-05-05 22:40:49,002 zb.py 9580] INFO:开始清理D:\文件\整理\文件夹下的空文件
[2023-05-05 22:40:49,049 zb.py 9580] INFO:开始清理D:\文件\整理\文件夹下的重复文件
[2023-05-05 22:40:50,113 zb.py 9580] INFO:强制关闭Python程序
[2023-05-05 22:40:56,411 zb.py 12212] INFO:程序开始运行
[2023-05-05 22:40:56,414 zb.py 12212] INFO:打开加载窗口
[2023-05-05 22:40:57,037 zb.py 12212] INFO:设置已读取
[2023-05-05 22:40:57,037 zb.py 12212] INFO:设置已保存
[2023-05-05 22:40:57,037 zb.py 12212] INFO:标记该程序已打开
[2023-05-05 22:40:57,160 zb.py 12212] INFO:关闭加载窗口
[2023-05-05 22:40:57,639 zb.py 12212] INFO:开始清理回收站
[2023-05-05 22:40:57,660 zb.py 12212] INFO:成功清理回收站
[2023-05-05 22:40:57,660 zb.py 12212] INFO:开始清理系统缓存
[2023-05-05 22:40:57,660 zb.py 12212] INFO:成功清理系统缓存
[2023-05-05 22:40:57,660 zb.py 12212] INFO:开始整理文件C:\Users\93322\Desktop至D:/文件/整理
[2023-05-05 22:40:57,660 zb.py 12212] INFO:成功整理C:\Users\93322\Desktop至D:/文件/整理
[2023-05-05 22:40:57,660 zb.py 12212] INFO:开始整理微信文件
[2023-05-05 22:40:57,693 zb.py 12212] INFO:获取到的微信用户文件目录为['D:\\文件\\应用\\微信\\WeChat Files\\wxid_pvodqkfsmnqp12\\FileStorage\\File']
[2023-05-05 22:40:57,693 zb.py 12212] INFO:开始整理文件D:\文件\应用\微信\WeChat Files\wxid_pvodqkfsmnqp12\FileStorage\File\新建文件夹至D:/文件/整理
[2023-05-05 22:40:57,693 zb.py 12212] INFO:成功整理D:\文件\应用\微信\WeChat Files\wxid_pvodqkfsmnqp12\FileStorage\File\新建文件夹至D:/文件/整理
[2023-05-05 22:40:57,693 zb.py 12212] INFO:开始整理文件D:\文件\应用\微信\WeChat Files\wxid_pvodqkfsmnqp12\FileStorage\File\新建文件夹 (2)至D:/文件/整理
[2023-05-05 22:40:57,693 zb.py 12212] INFO:成功整理D:\文件\应用\微信\WeChat Files\wxid_pvodqkfsmnqp12\FileStorage\File\新建文件夹 (2)至D:/文件/整理
[2023-05-05 22:40:57,693 zb.py 12212] INFO:开始整理文件D:\文件\应用\微信\WeChat Files\wxid_pvodqkfsmnqp12\FileStorage\File\新建文件夹 (3)至D:/文件/整理
[2023-05-05 22:40:57,693 zb.py 12212] INFO:成功整理D:\文件\应用\微信\WeChat Files\wxid_pvodqkfsmnqp12\FileStorage\File\新建文件夹 (3)至D:/文件/整理
[2023-05-05 22:40:57,693 zb.py 12212] INFO:开始整理文件D:\文件\应用\微信\WeChat Files\wxid_pvodqkfsmnqp12\FileStorage\File至D:/文件/整理
[2023-05-05 22:40:57,693 zb.py 12212] INFO:成功整理D:\文件\应用\微信\WeChat Files\wxid_pvodqkfsmnqp12\FileStorage\File至D:/文件/整理
[2023-05-05 22:40:57,693 zb.py 12212] INFO:成功整理微信文件
[2023-05-05 22:40:57,693 zb.py 12212] INFO:开始整理常用软件文件
[2023-05-05 22:40:57,693 zb.py 12212] INFO:开始整理文件D:/文件/应用/QQ/93322252/FileRecv至D:/文件/整理
[2023-05-05 22:40:57,693 zb.py 12212] INFO:成功整理D:/文件/应用/QQ/93322252/FileRecv至D:/文件/整理
[2023-05-05 22:40:57,693 zb.py 12212] INFO:开始整理文件D:/文件/应用/钉钉至D:/文件/整理
[2023-05-05 22:40:57,693 zb.py 12212] INFO:开始整理文件D:/文件/应用/百度网盘至D:/文件/整理
[2023-05-05 22:40:57,693 zb.py 12212] INFO:成功整理D:/文件/应用/百度网盘至D:/文件/整理
[2023-05-05 22:40:57,693 zb.py 12212] INFO:成功整理常用软件文件
[2023-05-05 22:40:57,693 zb.py 12212] INFO:开始清理D:\文件\整理\PPT下的空文件
[2023-05-05 22:40:57,693 zb.py 12212] INFO:开始清理D:\文件\整理\PPT下的重复文件
[2023-05-05 22:40:57,693 zb.py 12212] INFO:开始清理D:\文件\整理\文档下的空文件
[2023-05-05 22:40:57,710 zb.py 12212] INFO:开始清理D:\文件\整理\文档下的重复文件
[2023-05-05 22:40:57,710 zb.py 12212] INFO:开始清理D:\文件\整理\表格下的空文件
[2023-05-05 22:40:57,710 zb.py 12212] INFO:开始清理D:\文件\整理\表格下的重复文件
[2023-05-05 22:40:57,710 zb.py 12212] INFO:开始清理D:\文件\整理\图片下的空文件
[2023-05-05 22:40:57,710 zb.py 12212] INFO:开始清理D:\文件\整理\图片下的重复文件
[2023-05-05 22:40:57,725 zb.py 12212] INFO:开始清理D:\文件\整理\音视频下的空文件
[2023-05-05 22:40:57,725 zb.py 12212] INFO:开始清理D:\文件\整理\音视频下的重复文件
[2023-05-05 22:40:57,725 zb.py 12212] INFO:开始清理D:\文件\整理\压缩包下的空文件
[2023-05-05 22:40:57,727 zb.py 12212] INFO:开始清理D:\文件\整理\压缩包下的重复文件
[2023-05-05 22:40:57,727 zb.py 12212] INFO:开始清理D:\文件\整理\文件夹下的空文件
[2023-05-05 22:40:57,762 zb.py 12212] INFO:开始清理D:\文件\整理\文件夹下的重复文件
[2023-05-05 22:41:00,831 zb.py 12212] INFO:开始清理回收站
[2023-05-05 22:41:00,836 zb.py 12212] INFO:成功清理回收站
[2023-05-05 22:41:00,836 zb.py 12212] INFO:开始清理系统缓存
[2023-05-05 22:41:00,841 zb.py 12212] INFO:成功清理系统缓存
[2023-05-05 22:41:00,841 zb.py 12212] INFO:开始整理文件C:\Users\93322\Desktop至D:/文件/整理
[2023-05-05 22:41:00,843 zb.py 12212] INFO:成功整理C:\Users\93322\Desktop至D:/文件/整理
[2023-05-05 22:41:00,843 zb.py 12212] INFO:开始整理微信文件
[2023-05-05 22:41:00,864 zb.py 12212] INFO:获取到的微信用户文件目录为['D:\\文件\\应用\\微信\\WeChat Files\\wxid_pvodqkfsmnqp12\\FileStorage\\File']
[2023-05-05 22:41:00,864 zb.py 12212] INFO:开始整理文件D:\文件\应用\微信\WeChat Files\wxid_pvodqkfsmnqp12\FileStorage\File\新建文件夹至D:/文件/整理
[2023-05-05 22:41:00,864 zb.py 12212] INFO:成功整理D:\文件\应用\微信\WeChat Files\wxid_pvodqkfsmnqp12\FileStorage\File\新建文件夹至D:/文件/整理
[2023-05-05 22:41:00,864 zb.py 12212] INFO:开始整理文件D:\文件\应用\微信\WeChat Files\wxid_pvodqkfsmnqp12\FileStorage\File\新建文件夹 (2)至D:/文件/整理
[2023-05-05 22:41:00,864 zb.py 12212] INFO:成功整理D:\文件\应用\微信\WeChat Files\wxid_pvodqkfsmnqp12\FileStorage\File\新建文件夹 (2)至D:/文件/整理
[2023-05-05 22:41:00,864 zb.py 12212] INFO:开始整理文件D:\文件\应用\微信\WeChat Files\wxid_pvodqkfsmnqp12\FileStorage\File\新建文件夹 (3)至D:/文件/整理
[2023-05-05 22:41:00,864 zb.py 12212] INFO:成功整理D:\文件\应用\微信\WeChat Files\wxid_pvodqkfsmnqp12\FileStorage\File\新建文件夹 (3)至D:/文件/整理
[2023-05-05 22:41:00,864 zb.py 12212] INFO:开始整理文件D:\文件\应用\微信\WeChat Files\wxid_pvodqkfsmnqp12\FileStorage\File至D:/文件/整理
[2023-05-05 22:41:00,864 zb.py 12212] INFO:成功整理D:\文件\应用\微信\WeChat Files\wxid_pvodqkfsmnqp12\FileStorage\File至D:/文件/整理
[2023-05-05 22:41:00,864 zb.py 12212] INFO:成功整理微信文件
[2023-05-05 22:41:00,864 zb.py 12212] INFO:开始整理常用软件文件
[2023-05-05 22:41:00,864 zb.py 12212] INFO:开始整理文件D:/文件/应用/QQ/93322252/FileRecv至D:/文件/整理
[2023-05-05 22:41:00,864 zb.py 12212] INFO:成功整理D:/文件/应用/QQ/93322252/FileRecv至D:/文件/整理
[2023-05-05 22:41:00,864 zb.py 12212] INFO:开始整理文件D:/文件/应用/钉钉至D:/文件/整理
[2023-05-05 22:41:00,864 zb.py 12212] INFO:开始整理文件D:/文件/应用/百度网盘至D:/文件/整理
[2023-05-05 22:41:00,864 zb.py 12212] INFO:成功整理D:/文件/应用/百度网盘至D:/文件/整理
[2023-05-05 22:41:00,864 zb.py 12212] INFO:成功整理常用软件文件
[2023-05-05 22:41:00,864 zb.py 12212] INFO:开始清理D:\文件\整理\PPT下的空文件
[2023-05-05 22:41:00,864 zb.py 12212] INFO:开始清理D:\文件\整理\PPT下的重复文件
[2023-05-05 22:41:00,864 zb.py 12212] INFO:开始清理D:\文件\整理\文档下的空文件
[2023-05-05 22:41:00,879 zb.py 12212] INFO:开始清理D:\文件\整理\文档下的重复文件
[2023-05-05 22:41:00,879 zb.py 12212] INFO:开始清理D:\文件\整理\表格下的空文件
[2023-05-05 22:41:00,879 zb.py 12212] INFO:开始清理D:\文件\整理\表格下的重复文件
[2023-05-05 22:41:00,879 zb.py 12212] INFO:开始清理D:\文件\整理\图片下的空文件
[2023-05-05 22:41:00,879 zb.py 12212] INFO:开始清理D:\文件\整理\图片下的重复文件
[2023-05-05 22:41:00,895 zb.py 12212] INFO:开始清理D:\文件\整理\音视频下的空文件
[2023-05-05 22:41:00,895 zb.py 12212] INFO:开始清理D:\文件\整理\音视频下的重复文件
[2023-05-05 22:41:00,895 zb.py 12212] INFO:开始清理D:\文件\整理\压缩包下的空文件
[2023-05-05 22:41:00,895 zb.py 12212] INFO:开始清理D:\文件\整理\压缩包下的重复文件
[2023-05-05 22:41:00,895 zb.py 12212] INFO:开始清理D:\文件\整理\文件夹下的空文件
[2023-05-05 22:41:00,926 zb.py 12212] INFO:开始清理D:\文件\整理\文件夹下的重复文件
[2023-05-05 22:41:43,838 zb.py 12212] INFO:开始清理回收站
[2023-05-05 22:41:43,954 zb.py 12212] INFO:成功清理回收站
[2023-05-05 22:41:43,954 zb.py 12212] INFO:开始清理系统缓存
[2023-05-05 22:41:43,954 zb.py 12212] INFO:成功清理系统缓存
[2023-05-05 22:41:43,954 zb.py 12212] INFO:开始整理文件C:\Users\93322\Desktop至D:/文件/整理
[2023-05-05 22:41:43,998 zb.py 12212] INFO:成功整理C:\Users\93322\Desktop至D:/文件/整理
[2023-05-05 22:41:43,998 zb.py 12212] INFO:开始整理微信文件
[2023-05-05 22:41:44,014 zb.py 12212] INFO:获取到的微信用户文件目录为['D:\\文件\\应用\\微信\\WeChat Files\\wxid_pvodqkfsmnqp12\\FileStorage\\File']
[2023-05-05 22:41:44,014 zb.py 12212] INFO:开始整理文件D:\文件\应用\微信\WeChat Files\wxid_pvodqkfsmnqp12\FileStorage\File\新建文件夹至D:/文件/整理
[2023-05-05 22:41:44,029 zb.py 12212] INFO:成功整理D:\文件\应用\微信\WeChat Files\wxid_pvodqkfsmnqp12\FileStorage\File\新建文件夹至D:/文件/整理
[2023-05-05 22:41:44,029 zb.py 12212] INFO:开始整理文件D:\文件\应用\微信\WeChat Files\wxid_pvodqkfsmnqp12\FileStorage\File至D:/文件/整理
[2023-05-05 22:41:44,043 zb.py 12212] INFO:成功整理D:\文件\应用\微信\WeChat Files\wxid_pvodqkfsmnqp12\FileStorage\File至D:/文件/整理
[2023-05-05 22:41:44,043 zb.py 12212] INFO:成功整理微信文件
[2023-05-05 22:41:44,043 zb.py 12212] INFO:开始整理常用软件文件
[2023-05-05 22:41:44,043 zb.py 12212] INFO:开始整理文件D:/文件/应用/QQ/93322252/FileRecv至D:/文件/整理
[2023-05-05 22:41:44,043 zb.py 12212] INFO:成功整理D:/文件/应用/QQ/93322252/FileRecv至D:/文件/整理
[2023-05-05 22:41:44,043 zb.py 12212] INFO:开始整理文件D:/文件/应用/钉钉至D:/文件/整理
[2023-05-05 22:41:44,043 zb.py 12212] INFO:开始整理文件D:/文件/应用/百度网盘至D:/文件/整理
[2023-05-05 22:41:44,045 zb.py 12212] INFO:成功整理D:/文件/应用/百度网盘至D:/文件/整理
[2023-05-05 22:41:44,045 zb.py 12212] INFO:成功整理常用软件文件
[2023-05-05 22:41:44,045 zb.py 12212] INFO:开始清理D:\文件\整理\PPT下的空文件
[2023-05-05 22:41:44,046 zb.py 12212] INFO:开始清理D:\文件\整理\PPT下的重复文件
[2023-05-05 22:41:44,060 zb.py 12212] INFO:开始清理D:\文件\整理\文档下的空文件
[2023-05-05 22:41:44,062 zb.py 12212] INFO:开始清理D:\文件\整理\文档下的重复文件
[2023-05-05 22:41:44,077 zb.py 12212] INFO:开始清理D:\文件\整理\表格下的空文件
[2023-05-05 22:41:44,077 zb.py 12212] INFO:开始清理D:\文件\整理\表格下的重复文件
[2023-05-05 22:41:44,077 zb.py 12212] INFO:开始清理D:\文件\整理\图片下的空文件
[2023-05-05 22:41:44,077 zb.py 12212] INFO:开始清理D:\文件\整理\图片下的重复文件
[2023-05-05 22:41:44,077 zb.py 12212] INFO:开始清理D:\文件\整理\音视频下的空文件
[2023-05-05 22:41:44,077 zb.py 12212] INFO:开始清理D:\文件\整理\音视频下的重复文件
[2023-05-05 22:41:44,077 zb.py 12212] INFO:开始清理D:\文件\整理\压缩包下的空文件
[2023-05-05 22:41:44,077 zb.py 12212] INFO:开始清理D:\文件\整理\压缩包下的重复文件
[2023-05-05 22:41:44,077 zb.py 12212] INFO:开始清理D:\文件\整理\文件夹下的空文件
[2023-05-05 22:41:44,109 zb.py 12212] INFO:开始清理D:\文件\整理\文件夹下的重复文件
[2023-05-05 22:42:16,521 zb.py 12212] INFO:关闭程序
[2023-05-05 22:42:16,694 zb.py 7908] INFO:程序开始运行
[2023-05-05 22:42:17,260 zb.py 7908] INFO:设置已读取
[2023-05-05 22:42:17,260 zb.py 7908] INFO:标记该程序已打开
[2023-05-05 22:42:17,475 zb.py 12620] INFO:程序开始运行
[2023-05-05 22:42:17,476 zb.py 12620] INFO:打开加载窗口
[2023-05-05 22:42:18,061 zb.py 12620] INFO:设置已读取
[2023-05-05 22:42:18,061 zb.py 12620] INFO:设置已保存
[2023-05-05 22:42:18,061 zb.py 12620] INFO:标记该程序已打开
[2023-05-05 22:42:18,193 zb.py 12620] INFO:关闭加载窗口
[2023-05-05 22:42:20,658 zb.py 12620] INFO:开始清理回收站
[2023-05-05 22:42:20,690 zb.py 12620] INFO:成功清理回收站
[2023-05-05 22:42:20,690 zb.py 12620] INFO:开始清理系统缓存
[2023-05-05 22:42:20,690 zb.py 12620] INFO:成功清理系统缓存
[2023-05-05 22:42:20,690 zb.py 12620] INFO:开始整理文件C:\Users\93322\Desktop至D:/文件/整理
[2023-05-05 22:42:20,784 zb.py 12620] INFO:成功整理C:\Users\93322\Desktop至D:/文件/整理
[2023-05-05 22:42:20,784 zb.py 12620] INFO:开始整理微信文件
[2023-05-05 22:42:20,799 zb.py 12620] INFO:获取到的微信用户文件目录为['D:\\文件\\应用\\微信\\WeChat Files\\wxid_pvodqkfsmnqp12\\FileStorage\\File']
[2023-05-05 22:42:20,799 zb.py 12620] INFO:开始整理文件D:\文件\应用\微信\WeChat Files\wxid_pvodqkfsmnqp12\FileStorage\File\新建文件夹至D:/文件/整理
[2023-05-05 22:42:20,846 zb.py 12620] INFO:成功整理D:\文件\应用\微信\WeChat Files\wxid_pvodqkfsmnqp12\FileStorage\File\新建文件夹至D:/文件/整理
[2023-05-05 22:42:20,846 zb.py 12620] INFO:开始整理文件D:\文件\应用\微信\WeChat Files\wxid_pvodqkfsmnqp12\FileStorage\File至D:/文件/整理
[2023-05-05 22:42:20,940 zb.py 12620] INFO:成功整理D:\文件\应用\微信\WeChat Files\wxid_pvodqkfsmnqp12\FileStorage\File至D:/文件/整理
[2023-05-05 22:42:20,940 zb.py 12620] INFO:成功整理微信文件
[2023-05-05 22:42:20,940 zb.py 12620] INFO:开始整理常用软件文件
[2023-05-05 22:42:20,940 zb.py 12620] INFO:开始整理文件D:/文件/应用/QQ/93322252/FileRecv至D:/文件/整理
[2023-05-05 22:42:20,940 zb.py 12620] INFO:成功整理D:/文件/应用/QQ/93322252/FileRecv至D:/文件/整理
[2023-05-05 22:42:20,940 zb.py 12620] INFO:开始整理文件D:/文件/应用/钉钉至D:/文件/整理
[2023-05-05 22:42:20,940 zb.py 12620] INFO:开始整理文件D:/文件/应用/百度网盘至D:/文件/整理
[2023-05-05 22:42:20,940 zb.py 12620] INFO:成功整理D:/文件/应用/百度网盘至D:/文件/整理
[2023-05-05 22:42:20,940 zb.py 12620] INFO:成功整理常用软件文件
[2023-05-05 22:42:20,940 zb.py 12620] INFO:开始清理D:\文件\整理\PPT下的空文件
[2023-05-05 22:42:20,940 zb.py 12620] INFO:开始清理D:\文件\整理\PPT下的重复文件
[2023-05-05 22:42:20,940 zb.py 12620] INFO:开始清理D:\文件\整理\文档下的空文件
[2023-05-05 22:42:20,971 zb.py 12620] INFO:开始清理D:\文件\整理\文档下的重复文件
[2023-05-05 22:42:20,971 zb.py 12620] INFO:开始清理D:\文件\整理\表格下的空文件
[2023-05-05 22:42:20,971 zb.py 12620] INFO:开始清理D:\文件\整理\表格下的重复文件
[2023-05-05 22:42:20,987 zb.py 12620] INFO:开始清理D:\文件\整理\图片下的空文件
[2023-05-05 22:42:20,987 zb.py 12620] INFO:开始清理D:\文件\整理\图片下的重复文件
[2023-05-05 22:42:20,987 zb.py 12620] INFO:开始清理D:\文件\整理\音视频下的空文件
[2023-05-05 22:42:20,987 zb.py 12620] INFO:开始清理D:\文件\整理\音视频下的重复文件
[2023-05-05 22:42:20,987 zb.py 12620] INFO:开始清理D:\文件\整理\压缩包下的空文件
[2023-05-05 22:42:20,987 zb.py 12620] INFO:开始清理D:\文件\整理\压缩包下的重复文件
[2023-05-05 22:42:21,002 zb.py 12620] INFO:开始清理D:\文件\整理\文件夹下的空文件
[2023-05-05 22:42:21,034 zb.py 12620] INFO:开始清理D:\文件\整理\文件夹下的重复文件
[2023-05-05 22:42:35,534 zb.py 12620] INFO:关闭程序
[2023-05-05 22:42:35,722 zb.py 1240] INFO:程序开始运行
[2023-05-05 22:42:36,312 zb.py 1240] INFO:设置已读取
[2023-05-05 22:42:36,313 zb.py 1240] INFO:标记该程序已打开
[2023-05-05 22:42:59,300 zb.py 12776] INFO:程序开始运行
[2023-05-05 22:42:59,306 zb.py 12776] INFO:打开加载窗口
[2023-05-05 22:42:59,893 zb.py 12776] INFO:设置已读取
[2023-05-05 22:42:59,893 zb.py 12776] INFO:设置已保存
[2023-05-05 22:42:59,896 zb.py 12776] INFO:标记该程序已打开
[2023-05-05 22:43:00,041 zb.py 12776] INFO:关闭加载窗口
[2023-05-05 22:43:01,871 zb.py 12776] INFO:强制关闭Python程序
